spk_ver/v00/v0000	SES146	0.672385	-9.35386	-10.0262
spk_ver/v00/v0001	SES002	-0.967478	-12.2785	-11.3111
spk_ver/v00/v0002	SES002	-0.0399675	-9.14131	-9.10134
spk_ver/v00/v0003	SES002	-1.04868	-10.7693	-9.72057
spk_ver/v00/v0004	SES002	-0.100734	-10.4241	-10.3234
spk_ver/v00/v0005	SES002	0.0983171	-9.32469	-9.42301
spk_ver/v00/v0006	SES002	-1.32289	-11.9896	-10.6667
spk_ver/v00/v0007	SES002	-0.129356	-10.6943	-10.565
spk_ver/v00/v0008	SES146	0.642752	-10.0391	-10.6818
spk_ver/v00/v0009	SES002	0.616203	-9.87151	-10.4877
spk_ver/v00/v0010	SES002	-0.440001	-10.3811	-9.94108
spk_ver/v00/v0011	SES002	0.449438	-9.63314	-10.0826
spk_ver/v00/v0012	SES002	-0.181737	-9.58061	-9.39887
spk_ver/v00/v0013	SES002	0.567251	-9.98442	-10.5517
spk_ver/v00/v0014	SES002	0.549531	-10.2653	-10.8148
spk_ver/v00/v0015	SES002	0.00490952	-10.343	-10.3479
spk_ver/v00/v0016	SES275	0.319191	-9.59212	-9.91131
spk_ver/v00/v0017	SES002	0.284863	-10.7739	-11.0588
spk_ver/v00/v0018	SES002	-0.723626	-11.9382	-11.2146
spk_ver/v00/v0019	SES002	0.4647	-8.79654	-9.26124
spk_ver/v00/v0020	SES002	-1.43659	-11.8424	-10.4059
spk_ver/v00/v0021	SES002	-0.154956	-9.90371	-9.74875
spk_ver/v00/v0022	SES002	-0.503052	-10.4769	-9.97384
spk_ver/v00/v0023	SES002	-0.13403	-8.79672	-8.66269
spk_ver/v00/v0024	SES002	-1.24862	-12.6348	-11.3862
spk_ver/v00/v0025	SES002	-0.772897	-10.3754	-9.60246
spk_ver/v00/v0026	SES002	-1.04658	-9.52655	-8.47997
spk_ver/v00/v0027	SES129	0.585513	-9.94612	-10.5316
spk_ver/v00/v0028	SES007	-0.378783	-10.129	-9.75021
spk_ver/v00/v0029	SES083	-0.243073	-9.66608	-9.42301
spk_ver/v00/v0030	SES019	1.42955	-9.04814	-10.4777
spk_ver/v00/v0031	SES007	0.38564	-8.72882	-9.11446
spk_ver/v00/v0032	SES270	0.5899	-9.08016	-9.67006
spk_ver/v00/v0033	SES007	-1.04545	-11.7776	-10.7321
spk_ver/v00/v0034	SES007	-0.22726	-10.3311	-10.1038
spk_ver/v00/v0035	SES007	0.612906	-7.9561	-8.56901
spk_ver/v00/v0036	SES007	-0.318198	-9.21269	-8.89449
spk_ver/v00/v0037	SES007	-2.14121	-13.1907	-11.0495
spk_ver/v00/v0038	SES259	1.37117	-8.99051	-10.3617
spk_ver/v00/v0039	SES007	-1.91679	-12.4629	-10.5461
spk_ver/v00/v0040	SES007	-1.3843	-11.7627	-10.3784
spk_ver/v00/v0041	SES007	0.0365906	-9.31709	-9.35368
spk_ver/v00/v0042	SES007	0.184011	-9.23417	-9.41818
spk_ver/v00/v0043	SES007	0.287545	-9.09139	-9.37894
spk_ver/v00/v0044	SES007	-0.33116	-9.57784	-9.24668
spk_ver/v00/v0045	SES007	0.372993	-9.03522	-9.40821
spk_ver/v00/v0046	SES007	0.0521698	-9.50816	-9.56033
spk_ver/v00/v0047	SES172	0.242248	-9.72539	-9.96764
spk_ver/v00/v0048	SES105	0.810466	-9.01857	-9.82903
spk_ver/v00/v0049	SES007	0.312703	-9.02122	-9.33393
spk_ver/v00/v0050	SES292	0.0295486	-9.53553	-9.56507
spk_ver/v00/v0051	SES007	0.625916	-9.6432	-10.2691
spk_ver/v00/v0052	SES068	0.73682	-9.30162	-10.0384
spk_ver/v00/v0053	SES008	0.235881	-8.93332	-9.1692
spk_ver/v00/v0054	SES008	-0.962138	-10.7803	-9.81813
spk_ver/v00/v0055	SES008	-0.0246067	-10.187	-10.1624
spk_ver/v00/v0056	SES008	-2.08163	-13.222	-11.1404
spk_ver/v00/v0057	SES008	-2.609	-13.7453	-11.1363
spk_ver/v00/v0058	SES083	0.609032	-9.4835	-10.0925
spk_ver/v00/v0059	SES158	1.44149	-9.46434	-10.9058
spk_ver/v00/v0060	SES008	-3.30004	-14.411	-11.1109
spk_ver/v00/v0061	SES101	0.586536	-9.00011	-9.58665
spk_ver/v00/v0062	SES008	-0.603427	-10.782	-10.1786
spk_ver/v00/v0063	SES008	-0.198346	-10.0553	-9.85695
spk_ver/v00/v0064	SES117	0.170695	-9.81946	-9.99016
spk_ver/v00/v0065	SES149	0.931828	-9.36215	-10.294
spk_ver/v00/v0066	SES008	1.19729	-9.38945	-10.5867
spk_ver/v00/v0067	SES008	-0.18642	-9.85411	-9.66769
spk_ver/v00/v0068	SES162	0.941895	-10.1624	-11.1043
spk_ver/v00/v0069	SES008	-2.21688	-13.8827	-11.6658
spk_ver/v00/v0070	SES008	-0.263475	-10.383	-10.1195
spk_ver/v00/v0071	SES008	-0.390072	-10.4569	-10.0668
spk_ver/v00/v0072	SES008	0.334515	-8.02227	-8.35678
spk_ver/v00/v0073	SES008	-0.829165	-10.8354	-10.0062
spk_ver/v00/v0074	SES008	-3.07128	-14.5623	-11.491
spk_ver/v00/v0075	SES008	-3.31286	-14.574	-11.2611
spk_ver/v00/v0076	SES167	0.834126	-7.22414	-8.05827
spk_ver/v00/v0077	SES008	0.115232	-8.55136	-8.66659
spk_ver/v00/v0078	SES177	0.471892	-8.55263	-9.02452
spk_ver/v00/v0079	SES008	0.525702	-9.37497	-9.90067
spk_ver/v00/v0080	SES008	-0.52152	-10.1193	-9.59778
spk_ver/v00/v0081	SES008	-1.0342	-11.4124	-10.3782
spk_ver/v00/v0082	SES008	-1.85443	-12.1943	-10.3399
spk_ver/v00/v0083	SES008	-2.14066	-12.7927	-10.652
spk_ver/v00/v0084	SES144	0.696497	-8.94231	-9.6388
spk_ver/v00/v0085	SES008	-0.818314	-11.4142	-10.5959
spk_ver/v00/v0086	SES008	0.0821457	-8.72235	-8.80449
spk_ver/v00/v0087	SES008	-0.920033	-10.9431	-10.023
spk_ver/v00/v0088	SES008	-0.103714	-9.89703	-9.79332
spk_ver/v00/v0089	SES008	-0.330136	-10.1748	-9.84464
spk_ver/v00/v0090	SES142	0.734205	-9.11015	-9.84435
spk_ver/v00/v0091	SES008	-1.04142	-11.1303	-10.0889
spk_ver/v00/v0092	SES158	0.940427	-12.0202	-12.9606
spk_ver/v00/v0093	SES014	-0.000920296	-10.317	-10.3161
spk_ver/v00/v0094	SES014	-0.722843	-12.8074	-12.0845
spk_ver/v00/v0095	SES014	0.776958	-10.2799	-11.0569
spk_ver/v00/v0096	SES014	-1.62241	-11.7896	-10.1672
spk_ver/v00/v0097	SES014	-0.13096	-11.9102	-11.7793
spk_ver/v00/v0098	SES014	-0.40898	-9.43829	-9.02931
spk_ver/v00/v0099	SES014	-1.05482	-10.6089	-9.55403
spk_ver/v01/v0100	SES127	1.06508	-8.05518	-9.12026
spk_ver/v01/v0101	SES014	-1.88787	-14.4709	-12.5831
spk_ver/v01/v0102	SES014	-0.366644	-11.0273	-10.6607
spk_ver/v01/v0103	SES014	-1.87898	-12.8402	-10.9612
spk_ver/v01/v0104	SES014	-2.39214	-12.5527	-10.1606
spk_ver/v01/v0105	SES014	0.0373049	-11.3125	-11.3498
spk_ver/v01/v0106	SES014	0.504055	-9.67005	-10.1741
spk_ver/v01/v0107	SES014	-2.44216	-12.8052	-10.3631
spk_ver/v01/v0108	SES014	-1.32373	-12.279	-10.9552
spk_ver/v01/v0109	SES014	-0.4704	-9.32561	-8.85521
spk_ver/v01/v0110	SES014	-0.689916	-12.1329	-11.443
spk_ver/v01/v0111	SES014	0.0103064	-9.78511	-9.79542
spk_ver/v01/v0112	SES014	-0.708572	-10.4783	-9.76972
spk_ver/v01/v0113	SES104	-0.417147	-12.4036	-11.9865
spk_ver/v01/v0114	SES082	0.574773	-9.11289	-9.68766
spk_ver/v01/v0115	SES087	0.657549	-9.39339	-10.0509
spk_ver/v01/v0116	SES014	0.523977	-9.49201	-10.016
spk_ver/v01/v0117	SES177	0.486349	-9.24149	-9.72784
spk_ver/v01/v0118	SES014	-1.22762	-11.1234	-9.89579
spk_ver/v01/v0119	SES014	-0.193913	-10.3555	-10.1616
spk_ver/v01/v0120	SES014	-1.10873	-11.2796	-10.1708
spk_ver/v01/v0121	SES146	0.525628	-9.42023	-9.94586
spk_ver/v01/v0122	SES014	1.17896	-8.51902	-9.69799
spk_ver/v01/v0123	SES014	-0.558252	-9.97156	-9.41331
spk_ver/v01/v0124	SES014	-3.67037	-14.2385	-10.5682
spk_ver/v01/v0125	SES014	-0.369209	-10.8767	-10.5074
spk_ver/v01/v0126	SES016	0.0360527	-9.35862	-9.39467
spk_ver/v01/v0127	SES016	0.0844879	-9.51078	-9.59526
spk_ver/v01/v0128	SES106	0.953355	-9.78835	-10.7417
spk_ver/v01/v0129	SES016	-0.203246	-9.99609	-9.79284
spk_ver/v01/v0130	SES016	-0.136707	-9.79925	-9.66254
spk_ver/v01/v0131	SES016	-1.05393	-10.5437	-9.48981
spk_ver/v01/v0132	SES016	-0.284361	-10.6172	-10.3328
spk_ver/v01/v0133	SES016	0.718536	-9.58673	-10.3053
spk_ver/v01/v0134	SES016	0.214845	-8.68087	-8.89572
spk_ver/v01/v0135	SES016	0.745229	-10.0085	-10.7537
spk_ver/v01/v0136	SES016	0.00721169	-9.13162	-9.13883
spk_ver/v01/v0137	SES007	0.542644	-10.0428	-10.5855
spk_ver/v01/v0138	SES016	0.234363	-9.35646	-9.59082
spk_ver/v01/v0139	SES016	-0.2741	-9.55707	-9.28297
spk_ver/v01/v0140	SES016	0.983806	-9.02512	-10.0089
spk_ver/v01/v0141	SES016	-0.405395	-14.2905	-13.8851
spk_ver/v01/v0142	SES016	-1.8504	-12.1264	-10.276
spk_ver/v01/v0143	SES016	-0.450772	-10.9614	-10.5106
spk_ver/v01/v0144	SES016	-0.13761	-9.78564	-9.64803
spk_ver/v01/v0145	SES016	-1.43289	-15.246	-13.8131
spk_ver/v01/v0146	SES016	-0.703952	-9.11816	-8.41421
spk_ver/v01/v0147	SES016	0.349828	-9.48384	-9.83367
spk_ver/v01/v0148	SES127	1.29891	-8.34201	-9.64092
spk_ver/v01/v0149	SES016	-0.830575	-12.7657	-11.9351
spk_ver/v01/v0150	SES016	0.377003	-9.0516	-9.4286
spk_ver/v01/v0151	SES147	1.50498	-9.08484	-10.5898
spk_ver/v01/v0152	SES016	-0.631743	-9.94602	-9.31427
spk_ver/v01/v0153	SES104	-0.0266466	-9.28775	-9.2611
spk_ver/v01/v0154	SES016	0.423908	-10.3525	-10.7764
spk_ver/v01/v0155	SES016	0.294144	-10.0191	-10.3133
spk_ver/v01/v0156	SES019	-0.195486	-11.1768	-10.9813
spk_ver/v01/v0157	SES019	-1.04297	-10.1417	-9.09876
spk_ver/v01/v0158	SES019	0.183002	-10.1701	-10.3531
spk_ver/v01/v0159	SES007	0.757824	-9.51328	-10.2711
spk_ver/v01/v0160	SES019	-2.10339	-11.6487	-9.54529
spk_ver/v01/v0161	SES019	-2.46245	-13.816	-11.3535
spk_ver/v01/v0162	SES019	-1.72092	-11.4115	-9.69054
spk_ver/v01/v0163	SES189	0.969047	-9.2293	-10.1983
spk_ver/v01/v0164	SES019	-1.08801	-11.3143	-10.2263
spk_ver/v01/v0165	SES019	-0.943093	-12.906	-11.9629
spk_ver/v01/v0166	SES019	-1.14245	-10.3205	-9.178
spk_ver/v01/v0167	SES019	-1.72663	-11.493	-9.76641
spk_ver/v01/v0168	SES019	-0.775014	-12.394	-11.619
spk_ver/v01/v0169	SES019	-8.45517	-22.0438	-13.5886
spk_ver/v01/v0170	SES270	1.18795	-9.20266	-10.3906
spk_ver/v01/v0171	SES019	-1.50415	-11.939	-10.4348
spk_ver/v01/v0172	SES019	-1.94358	-11.3302	-9.38666
spk_ver/v01/v0173	SES206	1.09581	-10.4146	-11.5104
spk_ver/v01/v0174	SES019	-2.09643	-13.9777	-11.8813
spk_ver/v01/v0175	SES014	1.4072	-8.88603	-10.2932
spk_ver/v01/v0176	SES019	-2.02874	-12.4041	-10.3754
spk_ver/v01/v0177	SES120	1.01133	-10.0572	-11.0685
spk_ver/v01/v0178	SES019	0.277555	-10.4338	-10.7113
spk_ver/v01/v0179	SES019	-0.0689297	-9.30341	-9.23448
spk_ver/v01/v0180	SES175	0.885907	-8.8601	-9.746
spk_ver/v01/v0181	SES019	-1.36495	-12.1635	-10.7986
spk_ver/v01/v0182	SES019	-1.73712	-11.7091	-9.97197
spk_ver/v01/v0183	SES029	0.103782	-10.3556	-10.4594
spk_ver/v01/v0184	SES029	-1.65807	-11.9284	-10.2703
spk_ver/v01/v0185	SES029	-0.0412664	-10.1074	-10.0662
spk_ver/v01/v0186	SES068	0.547071	-9.36824	-9.91532
spk_ver/v01/v0187	SES029	-0.0827026	-8.81123	-8.72853
spk_ver/v01/v0188	SES029	-0.774834	-9.7799	-9.00507
spk_ver/v01/v0189	SES149	0.816369	-8.76384	-9.58021
spk_ver/v01/v0190	SES029	-1.09021	-11.3748	-10.2846
spk_ver/v01/v0191	SES029	-0.803411	-11.2654	-10.462
spk_ver/v01/v0192	SES183	0.414195	-9.57924	-9.99343
spk_ver/v01/v0193	SES029	-0.953547	-12.2023	-11.2488
spk_ver/v01/v0194	SES016	0.935925	-9.57333	-10.5093
spk_ver/v01/v0195	SES029	-0.146806	-10.1286	-9.98178
spk_ver/v01/v0196	SES029	-0.787463	-11.5569	-10.7694
spk_ver/v01/v0197	SES029	-0.525923	-10.3557	-9.82978
spk_ver/v01/v0198	SES146	0.507692	-10.2103	-10.718
spk_ver/v01/v0199	SES029	-1.41718	-11.3595	-9.94233
spk_ver/v02/v0200	SES029	-0.0130348	-10.8101	-10.797
spk_ver/v02/v0201	SES068	0.756121	-8.84689	-9.60301
spk_ver/v02/v0202	SES148	0.617179	-8.91407	-9.53125
spk_ver/v02/v0203	SES029	-0.575719	-11.2648	-10.689
spk_ver/v02/v0204	SES029	0.0588036	-9.53591	-9.59471
spk_ver/v02/v0205	SES060	1.2497	-8.41491	-9.66461
spk_ver/v02/v0206	SES127	0.670038	-8.79394	-9.46398
spk_ver/v02/v0207	SES029	-1.99199	-13.8737	-11.8817
spk_ver/v02/v0208	SES048	1.06649	-10.1379	-11.2044
spk_ver/v02/v0209	SES029	-0.0745678	-9.70716	-9.63259
spk_ver/v02/v0210	SES029	-0.218812	-10.8773	-10.6585
spk_ver/v02/v0211	SES029	-0.561143	-10.9104	-10.3492
spk_ver/v02/v0212	SES042	-0.832589	-10.4987	-9.66607
spk_ver/v02/v0213	SES085	0.865871	-10.0159	-10.8817
spk_ver/v02/v0214	SES206	1.86279	-9.90762	-11.7704
spk_ver/v02/v0215	SES144	0.491272	-9.12144	-9.61271
spk_ver/v02/v0216	SES042	-1.0408	-11.3523	-10.3115
spk_ver/v02/v0217	SES042	-0.389562	-12.7046	-12.315
spk_ver/v02/v0218	SES042	-0.098505	-11.1281	-11.0296
spk_ver/v02/v0219	SES206	0.130311	-9.71396	-9.84427
spk_ver/v02/v0220	SES019	2.21587	-8.73294	-10.9488
spk_ver/v02/v0221	SES007	0.633414	-9.91839	-10.5518
spk_ver/v02/v0222	SES042	-1.75975	-12.1288	-10.369
spk_ver/v02/v0223	SES147	0.924687	-9.80744	-10.7321
spk_ver/v02/v0224	SES105	0.786467	-9.52094	-10.3074
spk_ver/v02/v0225	SES042	-0.123585	-11.2073	-11.0837
spk_ver/v02/v0226	SES275	0.795835	-9.14604	-9.94188
spk_ver/v02/v0227	SES042	-0.475533	-12.2135	-11.738
spk_ver/v02/v0228	SES042	-0.279757	-9.97459	-9.69484
spk_ver/v02/v0229	SES042	-0.301631	-9.77343	-9.4718
spk_ver/v02/v0230	SES085	0.784239	-8.18441	-8.96865
spk_ver/v02/v0231	SES014	1.14964	-8.62478	-9.77441
spk_ver/v02/v0232	SES042	0.654791	-10.4368	-11.0916
spk_ver/v02/v0233	SES048	-1.32639	-10.8817	-9.55529
spk_ver/v02/v0234	SES048	0.220519	-9.8712	-10.0917
spk_ver/v02/v0235	SES029	-0.205826	-10.5848	-10.379
spk_ver/v02/v0236	SES048	-0.726793	-9.66756	-8.94077
spk_ver/v02/v0237	SES048	-0.741749	-10.8887	-10.1469
spk_ver/v02/v0238	SES048	0.0907984	-9.21146	-9.30225
spk_ver/v02/v0239	SES060	1.06923	-8.45585	-9.52508
spk_ver/v02/v0240	SES048	-1.25632	-10.6971	-9.44075
spk_ver/v02/v0241	SES048	0.0510368	-9.372	-9.42304
spk_ver/v02/v0242	SES189	0.295292	-9.06276	-9.35805
spk_ver/v02/v0243	SES162	0.380078	-9.83136	-10.2114
spk_ver/v02/v0244	SES048	-3.03704	-13.2248	-10.1878
spk_ver/v02/v0245	SES048	-0.952234	-10.2444	-9.29221
spk_ver/v02/v0246	SES048	-0.932878	-10.2978	-9.36493
spk_ver/v02/v0247	SES048	-2.12487	-13.7971	-11.6723
spk_ver/v02/v0248	SES226	0.845208	-9.77201	-10.6172
spk_ver/v02/v0249	SES048	-0.74361	-10.0062	-9.26263
spk_ver/v02/v0250	SES048	-0.263578	-9.98518	-9.72161
spk_ver/v02/v0251	SES048	-4.39058	-17.0574	-12.6669
spk_ver/v02/v0252	SES060	-0.478013	-9.7867	-9.30868
spk_ver/v02/v0253	SES060	-2.21839	-11.2468	-9.02837
spk_ver/v02/v0254	SES259	0.547868	-9.75194	-10.2998
spk_ver/v02/v0255	SES060	-0.365461	-10.2999	-9.93445
spk_ver/v02/v0256	SES202	0.523054	-8.82233	-9.34538
spk_ver/v02/v0257	SES148	0.584644	-9.03212	-9.61676
spk_ver/v02/v0258	SES060	-4.49254	-15.9333	-11.4407
spk_ver/v02/v0259	SES060	-1.21993	-10.7273	-9.50735
spk_ver/v02/v0260	SES060	-0.68792	-11.239	-10.5511
spk_ver/v02/v0261	SES099	0.672716	-9.23974	-9.91246
spk_ver/v02/v0262	SES060	-0.763907	-10.5822	-9.81829
spk_ver/v02/v0263	SES060	-0.476059	-9.3852	-8.90914
spk_ver/v02/v0264	SES292	0.227515	-10.6358	-10.8633
spk_ver/v02/v0265	SES060	0.421018	-10.1039	-10.5249
spk_ver/v02/v0266	SES060	-2.59449	-13.2509	-10.6564
spk_ver/v02/v0267	SES060	-4.79992	-15.5838	-10.7839
spk_ver/v02/v0268	SES060	-4.99997	-16.9441	-11.9442
spk_ver/v02/v0269	SES127	0.527462	-9.00391	-9.53137
spk_ver/v02/v0270	SES060	-0.443459	-10.2939	-9.85044
spk_ver/v02/v0271	SES060	0.961082	-9.07483	-10.0359
spk_ver/v02/v0272	SES060	-1.19405	-11.6693	-10.4752
spk_ver/v02/v0273	SES087	0.800738	-10.2813	-11.082
spk_ver/v02/v0274	SES146	0.460807	-9.00266	-9.46347
spk_ver/v02/v0275	SES060	-4.19323	-15.4941	-11.3009
spk_ver/v02/v0276	SES002	1.1426	-9.28329	-10.4259
spk_ver/v02/v0277	SES060	-0.138946	-9.92921	-9.79026
spk_ver/v02/v0278	SES060	-1.68312	-12.2398	-10.5567
spk_ver/v02/v0279	SES060	-1.11896	-13.1238	-12.0049
spk_ver/v02/v0280	SES129	1.11135	-8.78552	-9.89686
spk_ver/v02/v0281	SES162	0.657007	-9.19965	-9.85666
spk_ver/v02/v0282	SES060	-0.981049	-10.4856	-9.50456
spk_ver/v02/v0283	SES060	0.000525475	-9.22685	-9.22738
spk_ver/v02/v0284	SES062	-0.447735	-11.5514	-11.1036
spk_ver/v02/v0285	SES062	-0.295487	-10.2464	-9.95087
spk_ver/v02/v0286	SES120	0.374571	-11.5533	-11.9279
spk_ver/v02/v0287	SES062	-0.567156	-11.6279	-11.0607
spk_ver/v02/v0288	SES062	-1.01232	-12.8549	-11.8425
spk_ver/v02/v0289	SES062	-0.0990973	-8.35949	-8.26039
spk_ver/v02/v0290	SES062	0.834836	-9.22302	-10.0579
spk_ver/v02/v0291	SES275	0.789281	-8.82541	-9.61469
spk_ver/v02/v0292	SES062	0.400285	-9.47435	-9.87464
spk_ver/v02/v0293	SES062	0.326382	-9.83598	-10.1624
spk_ver/v02/v0294	SES062	-0.767612	-9.95173	-9.18412
spk_ver/v02/v0295	SES062	-0.166751	-10.8756	-10.7088
spk_ver/v02/v0296	SES062	0.0660782	-9.51402	-9.5801
spk_ver/v02/v0297	SES062	-0.0411034	-9.4966	-9.4555
spk_ver/v02/v0298	SES062	-0.348209	-10.333	-9.98482
spk_ver/v02/v0299	SES062	0.262028	-10.513	-10.7751
spk_ver/v03/v0300	SES062	-0.532321	-11.1651	-10.6327
spk_ver/v03/v0301	SES062	-0.0250006	-8.26614	-8.24114
spk_ver/v03/v0302	SES172	0.328926	-8.51889	-8.84781
spk_ver/v03/v0303	SES062	-0.414213	-10.9068	-10.4926
spk_ver/v03/v0304	SES062	-1.02028	-13.4344	-12.4141
spk_ver/v03/v0305	SES062	-0.399242	-10.786	-10.3867
spk_ver/v03/v0306	SES062	0.455941	-9.535	-9.99094
spk_ver/v03/v0307	SES062	-0.570402	-9.4839	-8.9135
spk_ver/v03/v0308	SES062	-0.278676	-11.4173	-11.1386
spk_ver/v03/v0309	SES062	-0.521009	-11.7461	-11.2251
spk_ver/v03/v0310	SES125	0.906255	-7.69057	-8.59683
spk_ver/v03/v0311	SES062	-0.0574503	-11.166	-11.1086
spk_ver/v03/v0312	SES062	-0.384011	-10.2584	-9.87436
spk_ver/v03/v0313	SES062	-0.0465946	-10.3715	-10.3249
spk_ver/v03/v0314	SES068	-0.871742	-10.6961	-9.82433
spk_ver/v03/v0315	SES068	-1.27522	-9.64351	-8.36828
spk_ver/v03/v0316	SES068	0.125282	-9.95951	-10.0848
spk_ver/v03/v0317	SES068	0.259987	-9.56008	-9.82006
spk_ver/v03/v0318	SES068	-0.551793	-10.4123	-9.86048
spk_ver/v03/v0319	SES068	-1.45375	-12.6892	-11.2354
spk_ver/v03/v0320	SES068	0.207264	-8.88382	-9.09108
spk_ver/v03/v0321	SES068	0.253846	-10.1728	-10.4267
spk_ver/v03/v0322	SES068	0.10757	-8.984	-9.09157
spk_ver/v03/v0323	SES068	-0.576274	-12.0715	-11.4952
spk_ver/v03/v0324	SES144	0.830447	-9.01556	-9.84601
spk_ver/v03/v0325	SES068	1.18823	-7.79115	-8.97938
spk_ver/v03/v0326	SES068	0.0317879	-8.58011	-8.6119
spk_ver/v03/v0327	SES068	0.167533	-9.06264	-9.23017
spk_ver/v03/v0328	SES068	-0.239263	-10.5385	-10.2993
spk_ver/v03/v0329	SES068	0.384571	-8.55576	-8.94033
spk_ver/v03/v0330	SES180	-0.22616	-10.442	-10.2158
spk_ver/v03/v0331	SES068	-0.288598	-11.029	-10.7404
spk_ver/v03/v0332	SES275	0.65012	-9.34582	-9.99594
spk_ver/v03/v0333	SES062	0.367879	-9.37538	-9.74326
spk_ver/v03/v0334	SES270	0.563129	-9.22509	-9.78822
spk_ver/v03/v0335	SES068	-1.06944	-10.5392	-9.46971
spk_ver/v03/v0336	SES068	0.0947781	-9.05726	-9.15204
spk_ver/v03/v0337	SES068	-0.167071	-11.0077	-10.8406
spk_ver/v03/v0338	SES068	-0.423791	-10.2201	-9.79633
spk_ver/v03/v0339	SES068	0.481237	-9.3699	-9.85113
spk_ver/v03/v0340	SES068	0.10593	-9.98342	-10.0894
spk_ver/v03/v0341	SES016	0.905298	-8.84883	-9.75413
spk_ver/v03/v0342	SES068	-0.840677	-11.3889	-10.5482
spk_ver/v03/v0343	SES068	0.0894012	-8.78947	-8.87887
spk_ver/v03/v0344	SES125	0.53918	-8.62423	-9.16341
spk_ver/v03/v0345	SES187	0.467072	-9.54963	-10.0167
spk_ver/v03/v0346	SES068	-0.249712	-10.4668	-10.2171
spk_ver/v03/v0347	SES143	1.42576	-8.61707	-10.0428
spk_ver/v03/v0348	SES292	0.389088	-9.89008	-10.2792
spk_ver/v03/v0349	SES082	-0.188097	-10.0425	-9.85445
spk_ver/v03/v0350	SES101	0.760043	-9.24703	-10.0071
spk_ver/v03/v0351	SES082	0.453522	-9.56438	-10.0179
spk_ver/v03/v0352	SES082	-0.451632	-15.0665	-14.6149
spk_ver/v03/v0353	SES082	-0.123602	-12.6463	-12.5227
spk_ver/v03/v0354	SES082	-0.411757	-9.93293	-9.52117
spk_ver/v03/v0355	SES083	0.671644	-9.16513	-9.83677
spk_ver/v03/v0356	SES082	-0.160647	-10.3561	-10.1955
spk_ver/v03/v0357	SES082	-1.09989	-11.2153	-10.1154
spk_ver/v03/v0358	SES082	0.299624	-9.46196	-9.76158
spk_ver/v03/v0359	SES117	0.854772	-9.88235	-10.7371
spk_ver/v03/v0360	SES082	-0.372487	-9.85103	-9.47854
spk_ver/v03/v0361	SES082	0.366918	-11.2253	-11.5922
spk_ver/v03/v0362	SES007	1.1534	-8.8735	-10.0269
spk_ver/v03/v0363	SES082	0.0231304	-9.82274	-9.84587
spk_ver/v03/v0364	SES019	1.7602	-9.53967	-11.2999
spk_ver/v03/v0365	SES082	-0.0201368	-11.6445	-11.6243
spk_ver/v03/v0366	SES226	0.69252	-10.2859	-10.9784
spk_ver/v03/v0367	SES167	1.00875	-8.04416	-9.05291
spk_ver/v03/v0368	SES082	0.0989075	-8.69218	-8.79109
spk_ver/v03/v0369	SES042	2.0973	-11.8118	-13.9091
spk_ver/v03/v0370	SES042	1.13466	-10.271	-11.4056
spk_ver/v03/v0371	SES082	0.136513	-10.9229	-11.0594
spk_ver/v03/v0372	SES082	-0.344863	-9.71447	-9.3696
spk_ver/v03/v0373	SES082	-1.20449	-12.7045	-11.5001
spk_ver/v03/v0374	SES083	-0.0573997	-9.49987	-9.44247
spk_ver/v03/v0375	SES292	0.16036	-10.1324	-10.2928
spk_ver/v03/v0376	SES083	-0.451249	-10.1776	-9.72635
spk_ver/v03/v0377	SES083	-1.19465	-12.2227	-11.0281
spk_ver/v03/v0378	SES083	-0.573253	-11.3656	-10.7923
spk_ver/v03/v0379	SES083	0.542375	-8.90131	-9.44368
spk_ver/v03/v0380	SES083	-0.633575	-10.2796	-9.64603
spk_ver/v03/v0381	SES083	-3.19638	-13.5639	-10.3675
spk_ver/v03/v0382	SES148	-0.22748	-10.5207	-10.2932
spk_ver/v03/v0383	SES083	-0.199528	-9.04977	-8.85025
spk_ver/v03/v0384	SES226	0.606339	-9.969	-10.5753
spk_ver/v03/v0385	SES226	0.724631	-9.76796	-10.4926
spk_ver/v03/v0386	SES087	1.01506	-9.63695	-10.652
spk_ver/v03/v0387	SES029	0.314871	-9.45411	-9.76898
spk_ver/v03/v0388	SES147	0.36017	-9.3434	-9.70357
spk_ver/v03/v0389	SES083	-0.333228	-11.3299	-10.9967
spk_ver/v03/v0390	SES189	0.938531	-9.217	-10.1555
spk_ver/v03/v0391	SES083	-0.487563	-10.4297	-9.94215
spk_ver/v03/v0392	SES083	-0.196603	-9.08965	-8.89305
spk_ver/v03/v0393	SES083	-1.23173	-10.7577	-9.52598
spk_ver/v03/v0394	SES083	-0.534189	-10.0326	-9.49845
spk_ver/v03/v0395	SES083	-0.907525	-10.6497	-9.74221
spk_ver/v03/v0396	SES014	1.0258	-8.6742	-9.7
spk_ver/v03/v0397	SES085	0.915856	-8.85347	-9.76933
spk_ver/v03/v0398	SES085	0.59925	-8.45359	-9.05284
spk_ver/v03/v0399	SES085	-0.531194	-10.3257	-9.79447
spk_ver/v04/v0400	SES106	1.14554	-8.21253	-9.35807
spk_ver/v04/v0401	SES085	-1.37675	-12.0972	-10.7205
spk_ver/v04/v0402	SES085	-6.98355	-21.1507	-14.1672
spk_ver/v04/v0403	SES085	1.03122	-7.9934	-9.02462
spk_ver/v04/v0404	SES180	0.57406	-8.57455	-9.14861
spk_ver/v04/v0405	SES129	0.813292	-8.47564	-9.28893
spk_ver/v04/v0406	SES085	-2.13011	-12.8593	-10.7291
spk_ver/v04/v0407	SES146	0.453623	-9.84866	-10.3023
spk_ver/v04/v0408	SES085	0.358685	-8.88529	-9.24397
spk_ver/v04/v0409	SES085	0.742579	-9.49422	-10.2368
spk_ver/v04/v0410	SES085	-0.663432	-12.6566	-11.9932
spk_ver/v04/v0411	SES292	0.394762	-10.5835	-10.9783
spk_ver/v04/v0412	SES085	0.254797	-9.15835	-9.41314
spk_ver/v04/v0413	SES125	1.05977	-8.72674	-9.78651
spk_ver/v04/v0414	SES085	-0.439941	-11.6447	-11.2048
spk_ver/v04/v0415	SES085	-0.412383	-10.2539	-9.84152
spk_ver/v04/v0416	SES085	0.472635	-9.5324	-10.005
spk_ver/v04/v0417	SES062	0.689977	-8.52591	-9.21589
spk_ver/v04/v0418	SES060	1.6662	-8.69707	-10.3633
spk_ver/v04/v0419	SES085	0.561545	-10.1308	-10.6923
spk_ver/v04/v0420	SES085	-1.11681	-11.9077	-10.7909
spk_ver/v04/v0421	SES085	-1.13462	-11.9788	-10.8442
spk_ver/v04/v0422	SES085	-0.266324	-10.493	-10.2267
spk_ver/v04/v0423	SES085	-1.15621	-11.0823	-9.92611
spk_ver/v04/v0424	SES085	-1.20881	-10.366	-9.15715
spk_ver/v04/v0425	SES183	0.371499	-9.36715	-9.73865
spk_ver/v04/v0426	SES085	-1.16478	-11.8603	-10.6955
spk_ver/v04/v0427	SES087	-0.194489	-12.2966	-12.1021
spk_ver/v04/v0428	SES162	0.64985	-8.45635	-9.1062
spk_ver/v04/v0429	SES087	-0.346348	-10.0932	-9.74684
spk_ver/v04/v0430	SES087	-3.37202	-14.0378	-10.6658
spk_ver/v04/v0431	SES087	-1.78124	-11.1247	-9.3435
spk_ver/v04/v0432	SES087	-0.130812	-9.69722	-9.56641
spk_ver/v04/v0433	SES087	-1.25523	-11.286	-10.0307
spk_ver/v04/v0434	SES142	1.19756	-8.7188	-9.91636
spk_ver/v04/v0435	SES087	-1.68319	-11.9378	-10.2546
spk_ver/v04/v0436	SES099	0.578638	-9.63363	-10.2123
spk_ver/v04/v0437	SES087	-0.181409	-8.60236	-8.42095
spk_ver/v04/v0438	SES087	-1.78009	-10.8581	-9.07798
spk_ver/v04/v0439	SES087	-1.04312	-11.3495	-10.3064
spk_ver/v04/v0440	SES087	-0.679718	-10.4403	-9.76058
spk_ver/v04/v0441	SES087	-2.49586	-11.3305	-8.83467
spk_ver/v04/v0442	SES187	0.556481	-9.95409	-10.5106
spk_ver/v04/v0443	SES172	0.541597	-9.92822	-10.4698
spk_ver/v04/v0444	SES087	-0.701787	-8.94815	-8.24636
spk_ver/v04/v0445	SES087	-0.638508	-11.0986	-10.4601
spk_ver/v04/v0446	SES087	-0.689387	-10.0825	-9.39309
spk_ver/v04/v0447	SES087	-0.447953	-10.3301	-9.88212
spk_ver/v04/v0448	SES106	0.88614	-10.0724	-10.9585
spk_ver/v04/v0449	SES146	0.763412	-10.0098	-10.7732
spk_ver/v04/v0450	SES087	-1.73087	-11.3274	-9.59657
spk_ver/v04/v0451	SES087	-0.686863	-11.4268	-10.74
spk_ver/v04/v0452	SES007	0.9832	-10.4553	-11.4385
spk_ver/v04/v0453	SES087	-1.32495	-11.8544	-10.5294
spk_ver/v04/v0454	SES087	-3.55282	-13.6167	-10.0638
spk_ver/v04/v0455	SES180	0.312609	-9.26462	-9.57723
spk_ver/v04/v0456	SES099	-1.97528	-11.8546	-9.87935
spk_ver/v04/v0457	SES042	0.805555	-9.7116	-10.5172
spk_ver/v04/v0458	SES099	0.352636	-9.9638	-10.3164
spk_ver/v04/v0459	SES099	-1.69375	-12.5901	-10.8964
spk_ver/v04/v0460	SES099	-1.71875	-12.3352	-10.6164
spk_ver/v04/v0461	SES099	-1.36106	-11.3341	-9.97303
spk_ver/v04/v0462	SES082	0.911108	-8.68729	-9.5984
spk_ver/v04/v0463	SES099	0.128931	-10.2768	-10.4058
spk_ver/v04/v0464	SES099	0.588627	-9.06009	-9.64871
spk_ver/v04/v0465	SES099	-3.20386	-12.2896	-9.08574
spk_ver/v04/v0466	SES099	0.069829	-10.9415	-11.0114
spk_ver/v04/v0467	SES099	0.485387	-9.20413	-9.68952
spk_ver/v04/v0468	SES129	0.840268	-8.74684	-9.58711
spk_ver/v04/v0469	SES101	0.731772	-8.94038	-9.67215
spk_ver/v04/v0470	SES099	-1.94878	-12.5984	-10.6496
spk_ver/v04/v0471	SES172	0.516122	-9.35666	-9.87278
spk_ver/v04/v0472	SES099	0.503199	-10.9511	-11.4543
spk_ver/v04/v0473	SES270	1.58741	-8.19932	-9.78673
spk_ver/v04/v0474	SES099	-3.25141	-13.4243	-10.1729
spk_ver/v04/v0475	SES099	-0.384525	-9.88407	-9.49955
spk_ver/v04/v0476	SES099	-2.20906	-13.184	-10.9749
spk_ver/v04/v0477	SES002	0.954348	-9.071	-10.0253
spk_ver/v04/v0478	SES099	0.130485	-9.97599	-10.1065
spk_ver/v04/v0479	SES007	0.545623	-9.52337	-10.069
spk_ver/v04/v0480	SES101	-0.765944	-9.85652	-9.09058
spk_ver/v04/v0481	SES101	-0.871661	-11.1927	-10.321
spk_ver/v04/v0482	SES175	0.304929	-9.88536	-10.1903
spk_ver/v04/v0483	SES101	-0.424132	-9.80757	-9.38344
spk_ver/v04/v0484	SES101	-2.11265	-12.0575	-9.94485
spk_ver/v04/v0485	SES101	-0.304492	-11.4069	-11.1024
spk_ver/v04/v0486	SES101	0.450595	-10.2006	-10.6512
spk_ver/v04/v0487	SES101	-0.284688	-9.93331	-9.64863
spk_ver/v04/v0488	SES101	-1.21961	-11.8383	-10.6187
spk_ver/v04/v0489	SES147	1.33087	-8.89432	-10.2252
spk_ver/v04/v0490	SES085	-0.124702	-10.6345	-10.5098
spk_ver/v04/v0491	SES101	-0.459949	-11.1176	-10.6576
spk_ver/v04/v0492	SES101	-2.77494	-15.5321	-12.7571
spk_ver/v04/v0493	SES101	-1.22888	-12.2917	-11.0628
spk_ver/v04/v0494	SES101	-0.685104	-10.9091	-10.224
spk_ver/v04/v0495	SES101	-0.142937	-8.21504	-8.07211
spk_ver/v04/v0496	SES101	0.0278673	-8.79716	-8.82502
spk_ver/v04/v0497	SES014	1.49069	-8.92608	-10.4168
spk_ver/v04/v0498	SES101	-1.04721	-12.6541	-11.6069
spk_ver/v04/v0499	SES101	-0.658886	-10.0846	-9.42567
spk_ver/v05/v0500	SES085	1.13259	-8.17599	-9.30858
spk_ver/v05/v0501	SES101	-2.06435	-14.405	-12.3406
spk_ver/v05/v0502	SES275	0.538198	-9.37586	-9.91406
spk_ver/v05/v0503	SES117	1.07599	-9.41269	-10.4887
spk_ver/v05/v0504	SES101	-1.52897	-11.7662	-10.2373
spk_ver/v05/v0505	SES101	-1.93885	-13.7096	-11.7707
spk_ver/v05/v0506	SES101	-0.0693445	-9.73983	-9.67049
spk_ver/v05/v0507	SES048	0.644802	-9.56271	-10.2075
spk_ver/v05/v0508	SES117	1.08971	-9.87887	-10.9686
spk_ver/v05/v0509	SES202	0.382719	-10.2384	-10.6211
spk_ver/v05/v0510	SES104	0.313294	-12.2249	-12.5382
spk_ver/v05/v0511	SES008	0.939997	-8.7449	-9.6849
spk_ver/v05/v0512	SES104	-0.0697899	-10.8485	-10.7787
spk_ver/v05/v0513	SES104	-0.68178	-10.0267	-9.34493
spk_ver/v05/v0514	SES104	-0.0933113	-9.04968	-8.95637
spk_ver/v05/v0515	SES104	-1.99616	-12.5557	-10.5595
spk_ver/v05/v0516	SES104	-0.3979	-10.8374	-10.4395
spk_ver/v05/v0517	SES060	1.67932	-7.85886	-9.53817
spk_ver/v05/v0518	SES104	-0.780288	-9.99409	-9.2138
spk_ver/v05/v0519	SES104	-1.03539	-11.0886	-10.0532
spk_ver/v05/v0520	SES104	0.313503	-9.29443	-9.60793
spk_ver/v05/v0521	SES008	0.890104	-7.52231	-8.41242
spk_ver/v05/v0522	SES068	1.23327	-8.66162	-9.8949
spk_ver/v05/v0523	SES087	0.592823	-8.97385	-9.56668
spk_ver/v05/v0524	SES104	0.501575	-10.0194	-10.521
spk_ver/v05/v0525	SES104	-1.08837	-11.4055	-10.3171
spk_ver/v05/v0526	SES104	0.355346	-8.7268	-9.08215
spk_ver/v05/v0527	SES083	0.224936	-9.57815	-9.80309
spk_ver/v05/v0528	SES148	0.778745	-8.74318	-9.52192
spk_ver/v05/v0529	SES104	0.820491	-11.7215	-12.542
spk_ver/v05/v0530	SES104	-0.544907	-10.5662	-10.0213
spk_ver/v05/v0531	SES125	1.32783	-9.16969	-10.4975
spk_ver/v05/v0532	SES104	-0.64915	-10.5797	-9.93057
spk_ver/v05/v0533	SES149	0.591331	-8.98672	-9.57805
spk_ver/v05/v0534	SES104	0.181962	-9.90077	-10.0827
spk_ver/v05/v0535	SES187	0.368718	-11.2585	-11.6272
spk_ver/v05/v0536	SES104	-0.228214	-10.9108	-10.6826
spk_ver/v05/v0537	SES104	0.530814	-8.77414	-9.30495
spk_ver/v05/v0538	SES167	0.777011	-8.71904	-9.49605
spk_ver/v05/v0539	SES104	0.43374	-9.81558	-10.2493
spk_ver/v05/v0540	SES104	-1.01762	-10.4832	-9.46562
spk_ver/v05/v0541	SES183	0.869642	-10.4697	-11.3394
spk_ver/v05/v0542	SES104	0.145189	-12.9842	-13.1294
spk_ver/v05/v0543	SES104	-1.11851	-11.131	-10.0125
spk_ver/v05/v0544	SES105	-1.68107	-11.4777	-9.79665
spk_ver/v05/v0545	SES105	-0.588967	-12.8269	-12.2379
spk_ver/v05/v0546	SES105	-0.641312	-10.8998	-10.2585
spk_ver/v05/v0547	SES105	-0.735569	-11.1637	-10.4282
spk_ver/v05/v0548	SES019	2.55609	-8.33975	-10.8958
spk_ver/v05/v0549	SES105	-0.718901	-11.0662	-10.3473
spk_ver/v05/v0550	SES105	-0.858698	-12.8407	-11.982
spk_ver/v05/v0551	SES202	0.799266	-9.2649	-10.0642
spk_ver/v05/v0552	SES105	-0.724527	-12.7852	-12.0606
spk_ver/v05/v0553	SES105	-0.156204	-10.1873	-10.0311
spk_ver/v05/v0554	SES105	-0.0981359	-8.63268	-8.53454
spk_ver/v05/v0555	SES105	-0.276096	-9.86475	-9.58866
spk_ver/v05/v0556	SES082	0.363274	-10.1308	-10.4941
spk_ver/v05/v0557	SES105	-0.648724	-11.3352	-10.6865
spk_ver/v05/v0558	SES014	1.2316	-9.04547	-10.2771
spk_ver/v05/v0559	SES105	-0.0968599	-9.51474	-9.41788
spk_ver/v05/v0560	SES177	0.220858	-9.18534	-9.4062
spk_ver/v05/v0561	SES189	0.582582	-10.7157	-11.2983
spk_ver/v05/v0562	SES105	-0.465701	-11.1619	-10.6962
spk_ver/v05/v0563	SES099	1.52469	-10.1606	-11.6853
spk_ver/v05/v0564	SES105	-0.318694	-9.85236	-9.53367
spk_ver/v05/v0565	SES105	-0.853809	-11.6397	-10.7859
spk_ver/v05/v0566	SES105	-1.22786	-13.0789	-11.851
spk_ver/v05/v0567	SES142	0.41194	-9.05828	-9.47022
spk_ver/v05/v0568	SES048	0.444676	-9.15786	-9.60254
spk_ver/v05/v0569	SES105	-1.70407	-14.1439	-12.4398
spk_ver/v05/v0570	SES105	0.208007	-10.0684	-10.2764
spk_ver/v05/v0571	SES105	-0.420648	-10.9106	-10.49
spk_ver/v05/v0572	SES105	-0.712322	-11.9985	-11.2862
spk_ver/v05/v0573	SES105	-0.960243	-12.9396	-11.9793
spk_ver/v05/v0574	SES105	0.0353661	-9.32208	-9.35744
spk_ver/v05/v0575	SES105	-0.277381	-12.326	-12.0486
spk_ver/v05/v0576	SES106	-1.04964	-12.1016	-11.0519
spk_ver/v05/v0577	SES106	-0.764553	-11.0698	-10.3052
spk_ver/v05/v0578	SES106	-1.2161	-11.7064	-10.4903
spk_ver/v05/v0579	SES106	-1.10612	-10.7629	-9.65677
spk_ver/v05/v0580	SES106	0.274113	-9.11712	-9.39123
spk_ver/v05/v0581	SES106	-0.434739	-10.5822	-10.1474
spk_ver/v05/v0582	SES106	0.139628	-10.1865	-10.3262
spk_ver/v05/v0583	SES106	0.242441	-10.1782	-10.4207
spk_ver/v05/v0584	SES106	-1.05936	-10.32	-9.26067
spk_ver/v05/v0585	SES106	1.07475	-9.75777	-10.8325
spk_ver/v05/v0586	SES106	0.389552	-10.1787	-10.5683
spk_ver/v05/v0587	SES106	-1.09473	-11.2385	-10.1438
spk_ver/v05/v0588	SES106	-0.654337	-9.66714	-9.01281
spk_ver/v05/v0589	SES106	-0.449966	-9.7672	-9.31723
spk_ver/v05/v0590	SES082	0.12293	-9.78555	-9.90848
spk_ver/v05/v0591	SES180	0.568558	-9.51732	-10.0859
spk_ver/v05/v0592	SES106	-0.119021	-11.1799	-11.0609
spk_ver/v05/v0593	SES106	-0.623113	-10.7724	-10.1493
spk_ver/v05/v0594	SES292	0.366972	-9.72225	-10.0892
spk_ver/v05/v0595	SES106	0.549168	-11.9233	-12.4725
spk_ver/v05/v0596	SES106	-0.12453	-9.29394	-9.16941
spk_ver/v05/v0597	SES106	-0.391044	-10.2066	-9.81552
spk_ver/v05/v0598	SES042	1.68487	-9.55144	-11.2363
spk_ver/v05/v0599	SES106	-0.584405	-10.1662	-9.58179
spk_ver/v06/v0600	SES106	1.38091	-9.95875	-11.3397
spk_ver/v06/v0601	SES106	0.183684	-9.89077	-10.0745
spk_ver/v06/v0602	SES106	-0.229923	-9.36478	-9.13486
spk_ver/v06/v0603	SES106	-1.1766	-10.7196	-9.54302
spk_ver/v06/v0604	SES106	-0.914395	-9.32109	-8.40669
spk_ver/v06/v0605	SES106	-0.820992	-10.597	-9.77605
spk_ver/v06/v0606	SES048	0.970509	-8.34903	-9.31954
spk_ver/v06/v0607	SES167	1.57076	-6.52995	-8.10071
spk_ver/v06/v0608	SES106	-0.596916	-10.4132	-9.81629
spk_ver/v06/v0609	SES143	0.694321	-9.88836	-10.5827
spk_ver/v06/v0610	SES106	-0.565444	-10.7225	-10.157
spk_ver/v06/v0611	SES106	0.474832	-8.16362	-8.63846
spk_ver/v06/v0612	SES106	0.0980635	-10.2378	-10.3359
spk_ver/v06/v0613	SES117	0.539776	-9.84417	-10.384
spk_ver/v06/v0614	SES117	-0.274508	-9.8167	-9.54219
spk_ver/v06/v0615	SES117	-0.600082	-10.6596	-10.0595
spk_ver/v06/v0616	SES106	0.963582	-8.39024	-9.35382
spk_ver/v06/v0617	SES142	0.885268	-8.57941	-9.46468
spk_ver/v06/v0618	SES048	0.639954	-8.54977	-9.18973
spk_ver/v06/v0619	SES175	-0.150755	-11.6129	-11.4621
spk_ver/v06/v0620	SES180	0.730581	-8.41656	-9.14714
spk_ver/v06/v0621	SES117	-0.0712681	-9.8756	-9.80433
spk_ver/v06/v0622	SES029	0.365932	-9.86564	-10.2316
spk_ver/v06/v0623	SES117	-0.257843	-9.75242	-9.49458
spk_ver/v06/v0624	SES117	-0.759436	-10.922	-10.1626
spk_ver/v06/v0625	SES117	0.180144	-9.42713	-9.60727
spk_ver/v06/v0626	SES106	1.10161	-8.17764	-9.27925
spk_ver/v06/v0627	SES226	1.05145	-8.93577	-9.98722
spk_ver/v06/v0628	SES117	0.249952	-9.48998	-9.73993
spk_ver/v06/v0629	SES117	-1.10314	-8.92731	-7.82416
spk_ver/v06/v0630	SES117	-0.800124	-9.95967	-9.15955
spk_ver/v06/v0631	SES117	-0.598671	-12.852	-12.2533
spk_ver/v06/v0632	SES117	0.55044	-9.39801	-9.94845
spk_ver/v06/v0633	SES099	0.876163	-9.97909	-10.8553
spk_ver/v06/v0634	SES105	1.04262	-9.31368	-10.3563
spk_ver/v06/v0635	SES167	0.558753	-9.6232	-10.182
spk_ver/v06/v0636	SES117	0.128055	-8.46013	-8.58819
spk_ver/v06/v0637	SES202	0.310646	-9.95457	-10.2652
spk_ver/v06/v0638	SES117	-0.5292	-9.80059	-9.27139
spk_ver/v06/v0639	SES167	0.703291	-8.61875	-9.32204
spk_ver/v06/v0640	SES117	0.270267	-10.0202	-10.2904
spk_ver/v06/v0641	SES117	-0.795495	-10.4254	-9.62987
spk_ver/v06/v0642	SES101	0.816219	-8.54929	-9.36551
spk_ver/v06/v0643	SES068	0.741785	-8.58799	-9.32977
spk_ver/v06/v0644	SES120	-1.51574	-12.5446	-11.0288
spk_ver/v06/v0645	SES120	1.51407	-12.7903	-14.3043
spk_ver/v06/v0646	SES172	0.428127	-10.4973	-10.9254
spk_ver/v06/v0647	SES120	-0.528296	-9.87103	-9.34273
spk_ver/v06/v0648	SES120	0.290716	-8.84231	-9.13302
spk_ver/v06/v0649	SES120	-0.280978	-10.5856	-10.3046
spk_ver/v06/v0650	SES087	0.596177	-10.4268	-11.0229
spk_ver/v06/v0651	SES120	0.880037	-11.0272	-11.9072
spk_ver/v06/v0652	SES104	0.732777	-9.81397	-10.5468
spk_ver/v06/v0653	SES129	0.649055	-9.28812	-9.93717
spk_ver/v06/v0654	SES120	-0.837539	-11.0115	-10.174
spk_ver/v06/v0655	SES120	-0.0366507	-11.3335	-11.2968
spk_ver/v06/v0656	SES120	-1.08208	-10.4596	-9.37754
spk_ver/v06/v0657	SES147	0.506547	-8.92107	-9.42762
spk_ver/v06/v0658	SES120	0.918732	-11.2602	-12.179
spk_ver/v06/v0659	SES120	0.1394	-9.37376	-9.51316
spk_ver/v06/v0660	SES120	0.263267	-8.99833	-9.2616
spk_ver/v06/v0661	SES120	-0.531576	-11.1754	-10.6438
spk_ver/v06/v0662	SES120	-0.975016	-11.4609	-10.4859
spk_ver/v06/v0663	SES120	-0.374422	-10.5266	-10.1522
spk_ver/v06/v0664	SES147	0.74468	-9.45948	-10.2042
spk_ver/v06/v0665	SES162	0.405169	-9.06384	-9.46901
spk_ver/v06/v0666	SES120	-0.364313	-9.13165	-8.76734
spk_ver/v06/v0667	SES120	1.2328	-10.6052	-11.838
spk_ver/v06/v0668	SES120	1.54001	-9.63827	-11.1783
spk_ver/v06/v0669	SES142	0.610287	-9.16215	-9.77244
spk_ver/v06/v0670	SES106	1.19283	-9.02893	-10.2218
spk_ver/v06/v0671	SES183	0.362743	-9.93509	-10.2978
spk_ver/v06/v0672	SES120	0.736022	-10.5655	-11.3015
spk_ver/v06/v0673	SES029	-0.900872	-11.8493	-10.9484
spk_ver/v06/v0674	SES120	-0.774937	-10.3565	-9.58158
spk_ver/v06/v0675	SES008	1.43841	-9.21855	-10.657
spk_ver/v06/v0676	SES125	-1.73544	-12.3169	-10.5814
spk_ver/v06/v0677	SES143	0.731103	-9.02225	-9.75335
spk_ver/v06/v0678	SES125	-0.419517	-11.9587	-11.5392
spk_ver/v06/v0679	SES162	0.813797	-9.15995	-9.97374
spk_ver/v06/v0680	SES125	0.148368	-9.67153	-9.8199
spk_ver/v06/v0681	SES125	-0.558937	-12.1078	-11.5489
spk_ver/v06/v0682	SES125	-0.876609	-10.4242	-9.54754
spk_ver/v06/v0683	SES226	0.772958	-9.20414	-9.9771
spk_ver/v06/v0684	SES125	-0.442131	-10.0486	-9.60651
spk_ver/v06/v0685	SES125	-1.12322	-10.9946	-9.87138
spk_ver/v06/v0686	SES120	0.992111	-8.67329	-9.6654
spk_ver/v06/v0687	SES125	-1.59435	-14.2089	-12.6146
spk_ver/v06/v0688	SES158	1.36446	-9.5703	-10.9348
spk_ver/v06/v0689	SES125	-2.04768	-12.2321	-10.1844
spk_ver/v06/v0690	SES105	1.20156	-10.0023	-11.2038
spk_ver/v06/v0691	SES125	1.52975	-9.74246	-11.2722
spk_ver/v06/v0692	SES125	-0.988705	-10.3272	-9.33847
spk_ver/v06/v0693	SES180	0.433828	-8.3854	-8.81922
spk_ver/v06/v0694	SES125	-2.69878	-12.7182	-10.0194
spk_ver/v06/v0695	SES125	-0.0512562	-10.5663	-10.5151
spk_ver/v06/v0696	SES125	-1.6793	-11.3887	-9.70941
spk_ver/v06/v0697	SES125	-0.737132	-10.8465	-10.1093
spk_ver/v06/v0698	SES083	0.186566	-9.49788	-9.68444
spk_ver/v06/v0699	SES125	-0.416144	-9.70925	-9.29311
spk_ver/v07/v0700	SES014	-0.0397463	-11.8519	-11.8121
spk_ver/v07/v0701	SES125	-0.864357	-10.246	-9.38159
spk_ver/v07/v0702	SES127	0.395188	-9.07169	-9.46688
spk_ver/v07/v0703	SES127	0.196941	-9.53061	-9.72755
spk_ver/v07/v0704	SES206	0.907592	-9.53471	-10.4423
spk_ver/v07/v0705	SES127	-0.375098	-10.0056	-9.63047
spk_ver/v07/v0706	SES127	0.620234	-9.56536	-10.1856
spk_ver/v07/v0707	SES127	-1.32699	-10.9031	-9.57607
spk_ver/v07/v0708	SES275	-0.0308704	-9.51789	-9.48702
spk_ver/v07/v0709	SES127	-1.80054	-11.583	-9.78251
spk_ver/v07/v0710	SES105	0.405341	-10.5803	-10.9856
spk_ver/v07/v0711	SES127	-0.576147	-10.604	-10.0279
spk_ver/v07/v0712	SES127	-0.392965	-11.2192	-10.8262
spk_ver/v07/v0713	SES127	-0.887849	-10.9849	-10.0971
spk_ver/v07/v0714	SES019	2.98434	-8.99587	-11.9802
spk_ver/v07/v0715	SES127	-1.94499	-13.1276	-11.1826
spk_ver/v07/v0716	SES148	0.867437	-8.85147	-9.7189
spk_ver/v07/v0717	SES162	0.66589	-8.50487	-9.17076
spk_ver/v07/v0718	SES189	0.33538	-10.2387	-10.5741
spk_ver/v07/v0719	SES149	0.588086	-8.18434	-8.77243
spk_ver/v07/v0720	SES175	0.780885	-10.0276	-10.8085
spk_ver/v07/v0721	SES127	-0.496251	-10.3115	-9.81523
spk_ver/v07/v0722	SES127	-0.332952	-10.562	-10.2291
spk_ver/v07/v0723	SES127	-1.03083	-12.1612	-11.1304
spk_ver/v07/v0724	SES127	0.36603	-9.41435	-9.78038
spk_ver/v07/v0725	SES127	-0.40591	-10.6036	-10.1977
spk_ver/v07/v0726	SES259	1.19391	-8.92646	-10.1204
spk_ver/v07/v0727	SES127	-1.95273	-14.0469	-12.0942
spk_ver/v07/v0728	SES127	1.15503	-7.642	-8.79703
spk_ver/v07/v0729	SES127	-1.53701	-11.2123	-9.67527
spk_ver/v07/v0730	SES127	0.0748415	-9.86295	-9.93779
spk_ver/v07/v0731	SES129	-0.49313	-9.9607	-9.46757
spk_ver/v07/v0732	SES129	-0.00395489	-9.64452	-9.64057
spk_ver/v07/v0733	SES129	-0.0285912	-9.75509	-9.7265
spk_ver/v07/v0734	SES129	-1.03658	-12.7907	-11.7541
spk_ver/v07/v0735	SES183	0.676727	-9.34061	-10.0173
spk_ver/v07/v0736	SES129	-0.677404	-10.5228	-9.8454
spk_ver/v07/v0737	SES129	-0.921462	-11.6898	-10.7683
spk_ver/v07/v0738	SES129	-1.12013	-11.9788	-10.8586
spk_ver/v07/v0739	SES129	-0.562242	-10.4728	-9.91059
spk_ver/v07/v0740	SES167	-0.253155	-9.59477	-9.34162
spk_ver/v07/v0741	SES129	-0.61678	-11.0972	-10.4804
spk_ver/v07/v0742	SES129	-1.29075	-10.4467	-9.15593
spk_ver/v07/v0743	SES129	-0.466892	-10.287	-9.82013
spk_ver/v07/v0744	SES129	-1.55068	-13.6756	-12.125
spk_ver/v07/v0745	SES180	0.487	-8.7118	-9.1988
spk_ver/v07/v0746	SES129	-0.445342	-10.3719	-9.92652
spk_ver/v07/v0747	SES292	0.211641	-9.83206	-10.0437
spk_ver/v07/v0748	SES202	0.521136	-9.65088	-10.172
spk_ver/v07/v0749	SES270	-0.0751181	-10.509	-10.4339
spk_ver/v07/v0750	SES129	-0.146523	-9.03248	-8.88596
spk_ver/v07/v0751	SES129	-0.787683	-10.1345	-9.34685
spk_ver/v07/v0752	SES060	0.917228	-8.65839	-9.57562
spk_ver/v07/v0753	SES129	-0.62882	-10.6777	-10.0489
spk_ver/v07/v0754	SES129	-0.700224	-11.4306	-10.7304
spk_ver/v07/v0755	SES129	-1.4823	-11.8338	-10.3515
spk_ver/v07/v0756	SES175	0.97766	-9.22419	-10.2019
spk_ver/v07/v0757	SES129	-0.919651	-10.4963	-9.57666
spk_ver/v07/v0758	SES129	-2.71066	-16.283	-13.5723
spk_ver/v07/v0759	SES129	-2.23267	-12.8111	-10.5784
spk_ver/v07/v0760	SES129	-0.454446	-10.1591	-9.70464
spk_ver/v07/v0761	SES129	-0.512089	-9.73286	-9.22077
spk_ver/v07/v0762	SES172	0.18154	-9.95304	-10.1346
spk_ver/v07/v0763	SES129	-0.561838	-10.1098	-9.54792
spk_ver/v07/v0764	SES129	-0.325914	-9.20388	-8.87797
spk_ver/v07/v0765	SES175	0.348964	-9.57674	-9.9257
spk_ver/v07/v0766	SES129	-0.718902	-10.6483	-9.92935
spk_ver/v07/v0767	SES129	-0.240567	-10.3656	-10.125
spk_ver/v07/v0768	SES042	1.32175	-8.75164	-10.0734
spk_ver/v07/v0769	SES099	0.822305	-9.97261	-10.7949
spk_ver/v07/v0770	SES142	-1.24921	-12.9901	-11.7409
spk_ver/v07/v0771	SES142	0.514174	-8.90304	-9.41721
spk_ver/v07/v0772	SES101	1.00587	-8.27753	-9.2834
spk_ver/v07/v0773	SES142	-2.21166	-14.4818	-12.2701
spk_ver/v07/v0774	SES142	-1.25048	-12.4731	-11.2227
spk_ver/v07/v0775	SES142	0.298593	-9.99923	-10.2978
spk_ver/v07/v0776	SES142	-0.0820894	-8.9976	-8.91551
spk_ver/v07/v0777	SES142	-0.320567	-10.0839	-9.76329
spk_ver/v07/v0778	SES142	0.639838	-8.73864	-9.37848
spk_ver/v07/v0779	SES142	-1.63508	-12.9413	-11.3062
spk_ver/v07/v0780	SES142	-2.23397	-13.1565	-10.9225
spk_ver/v07/v0781	SES142	-1.49285	-11.415	-9.92214
spk_ver/v07/v0782	SES101	0.292155	-9.47873	-9.77089
spk_ver/v07/v0783	SES142	-0.730884	-9.04781	-8.31692
spk_ver/v07/v0784	SES187	0.576076	-10.7538	-11.3299
spk_ver/v07/v0785	SES143	0.84018	-8.86638	-9.70656
spk_ver/v07/v0786	SES142	0.0716114	-9.49104	-9.56265
spk_ver/v07/v0787	SES144	0.671759	-9.38977	-10.0615
spk_ver/v07/v0788	SES275	0.331203	-9.46981	-9.80101
spk_ver/v07/v0789	SES142	-0.102871	-10.7081	-10.6052
spk_ver/v07/v0790	SES099	1.42124	-8.5063	-9.92754
spk_ver/v07/v0791	SES142	-0.672629	-10.9718	-10.2992
spk_ver/v07/v0792	SES142	-0.848733	-11.0356	-10.1868
spk_ver/v07/v0793	SES142	-1.33689	-11.7234	-10.3865
spk_ver/v07/v0794	SES014	0.822651	-8.72624	-9.54889
spk_ver/v07/v0795	SES142	-1.93911	-12.8214	-10.8823
spk_ver/v07/v0796	SES142	-0.0833254	-10.8185	-10.7351
spk_ver/v07/v0797	SES143	0.642309	-7.88179	-8.52409
spk_ver/v07/v0798	SES206	0.50813	-9.48917	-9.9973
spk_ver/v07/v0799	SES143	-0.302112	-10.6302	-10.328
spk_ver/v08/v0800	SES143	0.0416403	-8.57044	-8.61208
spk_ver/v08/v0801	SES143	0.0917435	-9.00985	-9.10159
spk_ver/v08/v0802	SES143	-0.202558	-10.1468	-9.94424
spk_ver/v08/v0803	SES143	-0.425172	-10.4648	-10.0396
spk_ver/v08/v0804	SES143	0.241946	-9.4136	-9.65555
spk_ver/v08/v0805	SES143	0.270287	-9.89902	-10.1693
spk_ver/v08/v0806	SES143	-0.0592299	-10.0551	-9.99584
spk_ver/v08/v0807	SES177	0.298678	-10.8325	-11.1311
spk_ver/v08/v0808	SES149	0.635043	-8.24384	-8.87889
spk_ver/v08/v0809	SES143	-1.06641	-12.008	-10.9416
spk_ver/v08/v0810	SES158	1.21978	-10.2559	-11.4757
spk_ver/v08/v0811	SES143	-0.139095	-10.2772	-10.1381
spk_ver/v08/v0812	SES062	0.622794	-9.25184	-9.87463
spk_ver/v08/v0813	SES259	0.679535	-9.23523	-9.91477
spk_ver/v08/v0814	SES143	-1.79205	-12.5353	-10.7432
spk_ver/v08/v0815	SES143	-0.160114	-9.13351	-8.9734
spk_ver/v08/v0816	SES143	-0.243199	-10.0028	-9.75963
spk_ver/v08/v0817	SES144	0.391418	-10.6741	-11.0656
spk_ver/v08/v0818	SES143	-0.190047	-9.90308	-9.71303
spk_ver/v08/v0819	SES143	-0.284651	-9.64567	-9.36102
spk_ver/v08/v0820	SES143	0.298471	-8.75064	-9.04911
spk_ver/v08/v0821	SES143	0.30465	-9.2663	-9.57095
spk_ver/v08/v0822	SES143	-0.189923	-10.3103	-10.1204
spk_ver/v08/v0823	SES104	0.495104	-9.04991	-9.54502
spk_ver/v08/v0824	SES143	-1.91208	-14.2941	-12.382
spk_ver/v08/v0825	SES143	-0.777313	-10.9224	-10.1451
spk_ver/v08/v0826	SES144	-1.53877	-12.2049	-10.6661
spk_ver/v08/v0827	SES144	-0.703955	-10.0154	-9.31144
spk_ver/v08/v0828	SES144	-0.470334	-10.2305	-9.76017
spk_ver/v08/v0829	SES172	0.187364	-9.48005	-9.66741
spk_ver/v08/v0830	SES144	-0.366723	-9.9402	-9.57347
spk_ver/v08/v0831	SES183	0.837911	-10.3989	-11.2369
spk_ver/v08/v0832	SES144	-1.23589	-11.518	-10.2821
spk_ver/v08/v0833	SES144	-1.10728	-11.2889	-10.1816
spk_ver/v08/v0834	SES144	-1.47947	-12.2571	-10.7776
spk_ver/v08/v0835	SES144	-0.788017	-11.1225	-10.3344
spk_ver/v08/v0836	SES144	-1.11205	-10.9095	-9.79741
spk_ver/v08/v0837	SES144	-1.1394	-12.0528	-10.9134
spk_ver/v08/v0838	SES144	-3.57244	-16.7809	-13.2085
spk_ver/v08/v0839	SES085	0.677014	-8.5189	-9.19591
spk_ver/v08/v0840	SES144	0.0972223	-9.51338	-9.6106
spk_ver/v08/v0841	SES144	-2.5281	-14.6248	-12.0967
spk_ver/v08/v0842	SES144	-1.09826	-11.8103	-10.7121
spk_ver/v08/v0843	SES144	-0.565235	-9.44473	-8.8795
spk_ver/v08/v0844	SES144	-1.03231	-11.1725	-10.1402
spk_ver/v08/v0845	SES144	-1.67226	-11.9768	-10.3045
spk_ver/v08/v0846	SES104	-0.0180283	-10.9959	-10.9779
spk_ver/v08/v0847	SES144	-0.16965	-9.90306	-9.73341
spk_ver/v08/v0848	SES144	0.379337	-10.1892	-10.5686
spk_ver/v08/v0849	SES144	-1.89984	-12.4331	-10.5333
spk_ver/v08/v0850	SES144	-0.419182	-9.29467	-8.87549
spk_ver/v08/v0851	SES144	-1.41101	-11.5821	-10.1711
spk_ver/v08/v0852	SES144	-0.165604	-9.46411	-9.29851
spk_ver/v08/v0853	SES144	-6.78241	-24.2023	-17.4199
spk_ver/v08/v0854	SES144	-0.473273	-9.98003	-9.50675
spk_ver/v08/v0855	SES144	0.450665	-8.0587	-8.50937
spk_ver/v08/v0856	SES082	0.254795	-10.2906	-10.5454
spk_ver/v08/v0857	SES142	1.19958	-8.28457	-9.48415
spk_ver/v08/v0858	SES144	-0.199191	-9.31832	-9.11912
spk_ver/v08/v0859	SES144	-1.41388	-12.1874	-10.7735
spk_ver/v08/v0860	SES146	-0.232838	-10.8959	-10.6631
spk_ver/v08/v0861	SES146	-0.384087	-11.763	-11.3789
spk_ver/v08/v0862	SES146	-1.65693	-13.5747	-11.9178
spk_ver/v08/v0863	SES146	0.996323	-9.30622	-10.3025
spk_ver/v08/v0864	SES146	0.717199	-11.6864	-12.4036
spk_ver/v08/v0865	SES008	1.72293	-7.40261	-9.12555
spk_ver/v08/v0866	SES142	-0.0284319	-9.18027	-9.15184
spk_ver/v08/v0867	SES146	-1.16193	-11.6734	-10.5114
spk_ver/v08/v0868	SES082	0.586025	-9.13512	-9.72114
spk_ver/v08/v0869	SES146	0.113935	-9.40519	-9.51912
spk_ver/v08/v0870	SES146	-1.11648	-13.2006	-12.0842
spk_ver/v08/v0871	SES146	-0.0825644	-11.3427	-11.2601
spk_ver/v08/v0872	SES146	-0.0777779	-10.0306	-9.95287
spk_ver/v08/v0873	SES082	0.889955	-8.76177	-9.65172
spk_ver/v08/v0874	SES146	-0.110136	-10.1643	-10.0542
spk_ver/v08/v0875	SES144	0.651696	-9.72934	-10.381
spk_ver/v08/v0876	SES146	-0.562639	-8.24908	-7.68644
spk_ver/v08/v0877	SES146	-1.02985	-10.5298	-9.49997
spk_ver/v08/v0878	SES146	0.47113	-9.70124	-10.1724
spk_ver/v08/v0879	SES146	0.316	-9.41359	-9.72959
spk_ver/v08/v0880	SES146	0.560227	-9.07957	-9.6398
spk_ver/v08/v0881	SES143	1.2579	-9.14922	-10.4071
spk_ver/v08/v0882	SES146	0.525864	-9.40654	-9.93241
spk_ver/v08/v0883	SES147	-1.57458	-12.3059	-10.7313
spk_ver/v08/v0884	SES147	0.69584	-8.44944	-9.14528
spk_ver/v08/v0885	SES016	0.887615	-9.08567	-9.97328
spk_ver/v08/v0886	SES147	0.0320196	-9.53134	-9.56336
spk_ver/v08/v0887	SES147	-0.396378	-10.2175	-9.82109
spk_ver/v08/v0888	SES147	-0.560342	-11.3409	-10.7805
spk_ver/v08/v0889	SES019	1.04505	-8.83242	-9.87747
spk_ver/v08/v0890	SES147	-0.160773	-10.0635	-9.90277
spk_ver/v08/v0891	SES147	0.337027	-8.80336	-9.14038
spk_ver/v08/v0892	SES147	-0.00549603	-9.08856	-9.08306
spk_ver/v08/v0893	SES270	2.15426	-8.79945	-10.9537
spk_ver/v08/v0894	SES029	0.518056	-9.68732	-10.2054
spk_ver/v08/v0895	SES147	-1.61562	-12.1133	-10.4977
spk_ver/v08/v0896	SES117	0.0252466	-10.5051	-10.5304
spk_ver/v08/v0897	SES183	0.745098	-10.5521	-11.2972
spk_ver/v08/v0898	SES147	-3.29991	-15.3532	-12.0533
spk_ver/v08/v0899	SES147	-1.11065	-12.2744	-11.1638
spk_ver/v09/v0900	SES087	0.759646	-9.61071	-10.3704
spk_ver/v09/v0901	SES147	-1.72106	-13.3698	-11.6487
spk_ver/v09/v0902	SES147	-0.780197	-10.2504	-9.47021
spk_ver/v09/v0903	SES147	-0.760007	-10.4702	-9.71022
spk_ver/v09/v0904	SES147	-0.520485	-11.0131	-10.4926
spk_ver/v09/v0905	SES143	0.551229	-9.82587	-10.3771
spk_ver/v09/v0906	SES149	0.774817	-9.45862	-10.2334
spk_ver/v09/v0907	SES148	-1.4525	-10.8343	-9.38177
spk_ver/v09/v0908	SES148	-1.37377	-11.1185	-9.74474
spk_ver/v09/v0909	SES106	1.22023	-9.64164	-10.8619
spk_ver/v09/v0910	SES148	-1.42919	-11.2802	-9.85099
spk_ver/v09/v0911	SES148	-0.330672	-10.7711	-10.4404
spk_ver/v09/v0912	SES142	0.452678	-9.32136	-9.77404
spk_ver/v09/v0913	SES148	0.0146437	-10.3849	-10.3995
spk_ver/v09/v0914	SES148	-0.704344	-10.1414	-9.43704
spk_ver/v09/v0915	SES148	-1.09874	-11.2713	-10.1726
spk_ver/v09/v0916	SES148	-0.438475	-10.4654	-10.027
spk_ver/v09/v0917	SES148	0.408447	-9.00711	-9.41556
spk_ver/v09/v0918	SES148	0.740486	-8.45435	-9.19484
spk_ver/v09/v0919	SES270	1.18296	-8.99561	-10.1786
spk_ver/v09/v0920	SES148	-0.524567	-9.61763	-9.09306
spk_ver/v09/v0921	SES148	-1.74051	-11.5118	-9.77126
spk_ver/v09/v0922	SES129	0.725445	-8.67782	-9.40326
spk_ver/v09/v0923	SES117	0.836477	-8.99826	-9.83474
spk_ver/v09/v0924	SES042	1.50383	-8.96255	-10.4664
spk_ver/v09/v0925	SES148	-2.34576	-14.1426	-11.7968
spk_ver/v09/v0926	SES148	-0.170695	-11.9824	-11.8117
spk_ver/v09/v0927	SES144	0.110137	-10.16	-10.2701
spk_ver/v09/v0928	SES007	0.631171	-9.29225	-9.92342
spk_ver/v09/v0929	SES148	-0.275589	-9.23497	-8.95938
spk_ver/v09/v0930	SES148	-0.337632	-10.0752	-9.73761
spk_ver/v09/v0931	SES148	-1.19946	-10.6329	-9.43349
spk_ver/v09/v0932	SES202	0.393482	-9.92538	-10.3189
spk_ver/v09/v0933	SES148	-0.946914	-10.0453	-9.09838
spk_ver/v09/v0934	SES148	-0.611918	-8.78752	-8.1756
spk_ver/v09/v0935	SES060	1.59514	-8.45293	-10.0481
spk_ver/v09/v0936	SES060	1.24644	-9.7946	-11.041
spk_ver/v09/v0937	SES148	-0.397905	-10.2105	-9.81259
spk_ver/v09/v0938	SES148	-0.261166	-10.2887	-10.0276
spk_ver/v09/v0939	SES148	-1.05034	-10.9466	-9.89629
spk_ver/v09/v0940	SES148	-1.2625	-11.489	-10.2265
spk_ver/v09/v0941	SES149	0.182124	-9.67388	-9.85601
spk_ver/v09/v0942	SES149	-0.0885172	-9.20669	-9.11818
spk_ver/v09/v0943	SES149	0.129802	-9.97106	-10.1009
spk_ver/v09/v0944	SES149	0.0237131	-10.4375	-10.4612
spk_ver/v09/v0945	SES105	0.889462	-8.65679	-9.54625
spk_ver/v09/v0946	SES149	-0.86709	-12.3278	-11.4608
spk_ver/v09/v0947	SES149	-0.0781107	-10.8338	-10.7557
spk_ver/v09/v0948	SES149	-0.141371	-10.0431	-9.90176
spk_ver/v09/v0949	SES149	0.267424	-7.90507	-8.17249
spk_ver/v09/v0950	SES226	0.140642	-9.09585	-9.2365
spk_ver/v09/v0951	SES149	0.802948	-10.9315	-11.7345
spk_ver/v09/v0952	SES149	-0.0320635	-9.95356	-9.9215
spk_ver/v09/v0953	SES062	0.4102	-9.43177	-9.84197
spk_ver/v09/v0954	SES149	0.119864	-10.6002	-10.72
spk_ver/v09/v0955	SES048	0.102957	-9.54298	-9.64594
spk_ver/v09/v0956	SES158	0.540922	-9.3209	-9.86182
spk_ver/v09/v0957	SES158	-0.126294	-10.7883	-10.662
spk_ver/v09/v0958	SES158	0.57055	-8.34422	-8.91477
spk_ver/v09/v0959	SES158	-0.338027	-9.88988	-9.55185
spk_ver/v09/v0960	SES158	-0.602887	-10.5144	-9.9115
spk_ver/v09/v0961	SES147	0.764546	-8.51155	-9.2761
spk_ver/v09/v0962	SES158	-0.84527	-10.802	-9.95668
spk_ver/v09/v0963	SES292	0.288436	-11.2406	-11.5291
spk_ver/v09/v0964	SES060	1.53211	-7.87761	-9.40971
spk_ver/v09/v0965	SES002	1.43855	-10.5978	-12.0363
spk_ver/v09/v0966	SES149	0.859782	-8.24309	-9.10287
spk_ver/v09/v0967	SES158	-1.08162	-12.0234	-10.9417
spk_ver/v09/v0968	SES158	-0.664593	-10.7799	-10.1153
spk_ver/v09/v0969	SES275	0.391383	-9.92671	-10.3181
spk_ver/v09/v0970	SES158	-0.526024	-10.4363	-9.91027
spk_ver/v09/v0971	SES158	-0.4214	-9.50782	-9.08642
spk_ver/v09/v0972	SES002	0.611143	-9.75845	-10.3696
spk_ver/v09/v0973	SES158	-1.37973	-12.2944	-10.9146
spk_ver/v09/v0974	SES202	0.587231	-9.27773	-9.86496
spk_ver/v09/v0975	SES158	-1.57731	-11.7554	-10.1781
spk_ver/v09/v0976	SES158	0.401572	-9.50852	-9.91009
spk_ver/v09/v0977	SES162	-0.297545	-10.3668	-10.0692
spk_ver/v09/v0978	SES162	-0.614501	-12.9635	-12.349
spk_ver/v09/v0979	SES162	-1.78535	-12.5719	-10.7866
spk_ver/v09/v0980	SES162	-1.08134	-12.0351	-10.9537
spk_ver/v09/v0981	SES162	-2.36634	-12.918	-10.5517
spk_ver/v09/v0982	SES259	1.05579	-8.67252	-9.72832
spk_ver/v09/v0983	SES162	-1.6507	-11.8782	-10.2275
spk_ver/v09/v0984	SES162	-0.773474	-10.1215	-9.34804
spk_ver/v09/v0985	SES162	0.755958	-9.4249	-10.1809
spk_ver/v09/v0986	SES062	0.635638	-9.10468	-9.74032
spk_ver/v09/v0987	SES162	0.805507	-9.48526	-10.2908
spk_ver/v09/v0988	SES162	-2.26488	-12.2659	-10.001
spk_ver/v09/v0989	SES162	-1.67826	-12.2276	-10.5493
spk_ver/v09/v0990	SES162	-3.20582	-13.8659	-10.6601
spk_ver/v09/v0991	SES087	0.766091	-10.5264	-11.2924
spk_ver/v09/v0992	SES120	0.0695267	-9.52599	-9.59551
spk_ver/v09/v0993	SES162	-0.658798	-11.7734	-11.1146
spk_ver/v09/v0994	SES162	-0.0670128	-9.31692	-9.24991
spk_ver/v09/v0995	SES162	-1.58618	-10.9612	-9.37505
spk_ver/v09/v0996	SES162	-0.366302	-9.99589	-9.62959
spk_ver/v09/v0997	SES162	-0.78393	-10.9506	-10.1666
spk_ver/v09/v0998	SES162	0.206686	-10.1979	-10.4045
spk_ver/v09/v0999	SES162	0.538228	-8.77124	-9.30947
spk_ver/v10/v1000	SES162	-0.164118	-9.94588	-9.78176
spk_ver/v10/v1001	SES148	0.539215	-9.27793	-9.81715
spk_ver/v10/v1002	SES162	-0.29719	-9.29748	-9.00029
spk_ver/v10/v1003	SES162	-0.795849	-10.8819	-10.0861
spk_ver/v10/v1004	SES162	-0.116954	-12.0869	-11.97
spk_ver/v10/v1005	SES162	-1.42962	-11.6625	-10.2329
spk_ver/v10/v1006	SES162	-2.66495	-13.4542	-10.7892
spk_ver/v10/v1007	SES162	0.335268	-9.82395	-10.1592
spk_ver/v10/v1008	SES162	-3.58533	-13.9031	-10.3177
spk_ver/v10/v1009	SES162	-1.30538	-12.6256	-11.3203
spk_ver/v10/v1010	SES167	-1.41784	-12.9729	-11.555
spk_ver/v10/v1011	SES167	0.510407	-8.86071	-9.37112
spk_ver/v10/v1012	SES167	-0.119788	-9.07633	-8.95654
spk_ver/v10/v1013	SES167	-4.55408	-16.978	-12.424
spk_ver/v10/v1014	SES167	0.280061	-8.71323	-8.99329
spk_ver/v10/v1015	SES167	-1.10546	-11.2238	-10.1184
spk_ver/v10/v1016	SES167	-0.0972977	-9.95949	-9.86219
spk_ver/v10/v1017	SES167	-0.656373	-12.3993	-11.743
spk_ver/v10/v1018	SES167	-0.506892	-10.717	-10.2101
spk_ver/v10/v1019	SES167	-1.86423	-12.4262	-10.562
spk_ver/v10/v1020	SES167	-1.1083	-11.4873	-10.379
spk_ver/v10/v1021	SES167	0.0922356	-9.29664	-9.38888
spk_ver/v10/v1022	SES167	-1.26037	-11.6963	-10.436
spk_ver/v10/v1023	SES167	-1.80165	-12.4108	-10.6092
spk_ver/v10/v1024	SES167	-3.34402	-14.7285	-11.3845
spk_ver/v10/v1025	SES167	0.136173	-8.74077	-8.87694
spk_ver/v10/v1026	SES167	-1.68347	-11.4282	-9.74475
spk_ver/v10/v1027	SES167	0.553058	-8.13058	-8.68364
spk_ver/v10/v1028	SES167	-0.795104	-10.1168	-9.32168
spk_ver/v10/v1029	SES167	-0.203793	-10.5592	-10.3554
spk_ver/v10/v1030	SES167	-1.70559	-11.8574	-10.1519
spk_ver/v10/v1031	SES167	-1.57336	-12.3409	-10.7676
spk_ver/v10/v1032	SES167	0.0956097	-10.6524	-10.7481
spk_ver/v10/v1033	SES167	-0.85055	-10.1023	-9.25176
spk_ver/v10/v1034	SES002	1.01196	-8.48165	-9.49361
spk_ver/v10/v1035	SES167	0.0190544	-9.84303	-9.86208
spk_ver/v10/v1036	SES083	0.694416	-9.1123	-9.80671
spk_ver/v10/v1037	SES167	-1.24384	-11.0615	-9.81762
spk_ver/v10/v1038	SES167	0.124301	-9.49291	-9.61721
spk_ver/v10/v1039	SES167	-0.838292	-10.3261	-9.48781
spk_ver/v10/v1040	SES167	-0.604115	-10.0527	-9.44856
spk_ver/v10/v1041	SES167	0.206093	-8.73604	-8.94213
spk_ver/v10/v1042	SES087	0.94178	-10.392	-11.3338
spk_ver/v10/v1043	SES029	0.0605392	-9.64974	-9.71028
spk_ver/v10/v1044	SES206	0.340086	-9.95633	-10.2964
spk_ver/v10/v1045	SES172	-0.337399	-9.18413	-8.84673
spk_ver/v10/v1046	SES172	0.272829	-9.82393	-10.0968
spk_ver/v10/v1047	SES172	0.226526	-9.64576	-9.87228
spk_ver/v10/v1048	SES259	0.99759	-9.65574	-10.6533
spk_ver/v10/v1049	SES172	-0.494547	-10.586	-10.0914
spk_ver/v10/v1050	SES120	1.09551	-10.7971	-11.8926
spk_ver/v10/v1051	SES172	-0.501766	-11.613	-11.1112
spk_ver/v10/v1052	SES172	-0.151338	-9.12047	-8.96913
spk_ver/v10/v1053	SES172	-0.601757	-10.8063	-10.2046
spk_ver/v10/v1054	SES172	0.469294	-8.84569	-9.31498
spk_ver/v10/v1055	SES189	0.437167	-9.87009	-10.3073
spk_ver/v10/v1056	SES172	-0.600346	-10.5421	-9.94175
spk_ver/v10/v1057	SES172	-0.12224	-9.97161	-9.84937
spk_ver/v10/v1058	SES172	0.409064	-9.57514	-9.98421
spk_ver/v10/v1059	SES172	-0.702285	-11.591	-10.8887
spk_ver/v10/v1060	SES029	0.780891	-7.95363	-8.73452
spk_ver/v10/v1061	SES175	-1.77683	-13.5313	-11.7545
spk_ver/v10/v1062	SES187	0.371907	-9.81708	-10.189
spk_ver/v10/v1063	SES019	2.54899	-9.32471	-11.8737
spk_ver/v10/v1064	SES175	-0.260786	-10.9198	-10.659
spk_ver/v10/v1065	SES175	-1.90827	-12.7603	-10.852
spk_ver/v10/v1066	SES175	-1.75241	-12.0597	-10.3073
spk_ver/v10/v1067	SES175	-1.15566	-12.0095	-10.8539
spk_ver/v10/v1068	SES175	-0.580838	-10.6168	-10.036
spk_ver/v10/v1069	SES016	1.23429	-8.59708	-9.83136
spk_ver/v10/v1070	SES175	0.514393	-8.81413	-9.32852
spk_ver/v10/v1071	SES175	0.584653	-8.57835	-9.16301
spk_ver/v10/v1072	SES175	-1.7254	-13.7002	-11.9748
spk_ver/v10/v1073	SES029	0.938257	-8.6159	-9.55416
spk_ver/v10/v1074	SES175	-0.777882	-11.3775	-10.5997
spk_ver/v10/v1075	SES175	0.340755	-8.25432	-8.59508
spk_ver/v10/v1076	SES175	0.212803	-9.16439	-9.37719
spk_ver/v10/v1077	SES175	-0.577215	-10.7259	-10.1487
spk_ver/v10/v1078	SES127	0.449895	-8.68091	-9.1308
spk_ver/v10/v1079	SES175	-0.885369	-10.2529	-9.36756
spk_ver/v10/v1080	SES175	-0.0701752	-9.57465	-9.50447
spk_ver/v10/v1081	SES175	-1.5853	-12.4907	-10.9054
spk_ver/v10/v1082	SES175	-0.621314	-11.3073	-10.6859
spk_ver/v10/v1083	SES007	0.706433	-10.0534	-10.7598
spk_ver/v10/v1084	SES068	0.757994	-9.53768	-10.2957
spk_ver/v10/v1085	SES008	0.429761	-8.68863	-9.11839
spk_ver/v10/v1086	SES175	0.0968513	-8.16844	-8.26529
spk_ver/v10/v1087	SES175	0.685423	-8.64886	-9.33428
spk_ver/v10/v1088	SES008	1.07025	-9.27731	-10.3476
spk_ver/v10/v1089	SES177	0.0371189	-8.7965	-8.83362
spk_ver/v10/v1090	SES177	-0.846401	-10.0715	-9.22508
spk_ver/v10/v1091	SES177	-1.11302	-13.2858	-12.1727
spk_ver/v10/v1092	SES177	0.505335	-9.06357	-9.5689
spk_ver/v10/v1093	SES177	-1.02845	-13.1618	-12.1333
spk_ver/v10/v1094	SES002	0.893242	-10.1313	-11.0246
spk_ver/v10/v1095	SES104	0.729462	-10.6566	-11.386
spk_ver/v10/v1096	SES177	-0.0298758	-10.2959	-10.266
spk_ver/v10/v1097	SES177	-1.75052	-12.5513	-10.8008
spk_ver/v10/v1098	SES177	-0.875051	-10.4927	-9.6176
spk_ver/v10/v1099	SES177	0.608065	-8.54158	-9.14965
spk_ver/v11/v1100	SES177	-0.163122	-10.3006	-10.1375
spk_ver/v11/v1101	SES085	0.657413	-8.87698	-9.5344
spk_ver/v11/v1102	SES187	0.425614	-10.1677	-10.5933
spk_ver/v11/v1103	SES177	0.626152	-9.75461	-10.3808
spk_ver/v11/v1104	SES177	0.601574	-9.86067	-10.4622
spk_ver/v11/v1105	SES177	0.307012	-8.71066	-9.01768
spk_ver/v11/v1106	SES177	-0.255573	-8.88297	-8.6274
spk_ver/v11/v1107	SES177	0.160613	-9.5707	-9.73132
spk_ver/v11/v1108	SES177	0.656949	-8.55358	-9.21052
spk_ver/v11/v1109	SES125	0.971412	-9.32821	-10.2996
spk_ver/v11/v1110	SES177	-0.166612	-9.449	-9.28238
spk_ver/v11/v1111	SES177	0.319057	-9.70675	-10.0258
spk_ver/v11/v1112	SES177	-0.487562	-9.92382	-9.43625
spk_ver/v11/v1113	SES177	-0.669874	-11.5836	-10.9138
spk_ver/v11/v1114	SES177	0.189173	-10.3073	-10.4965
spk_ver/v11/v1115	SES177	-0.721303	-10.6662	-9.94494
spk_ver/v11/v1116	SES085	1.27194	-8.47958	-9.75152
spk_ver/v11/v1117	SES147	0.135736	-9.20178	-9.33751
spk_ver/v11/v1118	SES177	0.0257654	-9.53832	-9.56408
spk_ver/v11/v1119	SES177	-0.665992	-10.3123	-9.64628
spk_ver/v11/v1120	SES180	-0.68876	-11.3118	-10.623
spk_ver/v11/v1121	SES189	-0.0932846	-9.54965	-9.45636
spk_ver/v11/v1122	SES117	0.682442	-10.824	-11.5064
spk_ver/v11/v1123	SES129	1.3907	-7.51054	-8.90125
spk_ver/v11/v1124	SES180	0.28089	-9.97829	-10.2592
spk_ver/v11/v1125	SES180	0.155092	-10.0282	-10.1833
spk_ver/v11/v1126	SES180	0.321261	-9.59774	-9.919
spk_ver/v11/v1127	SES180	-1.46153	-12.1823	-10.7208
spk_ver/v11/v1128	SES016	0.3152	-10.3388	-10.654
spk_ver/v11/v1129	SES158	0.882338	-9.76016	-10.6425
spk_ver/v11/v1130	SES180	0.30631	-9.2345	-9.54081
spk_ver/v11/v1131	SES180	-0.851516	-10.6345	-9.78298
spk_ver/v11/v1132	SES180	0.274459	-10.0597	-10.3342
spk_ver/v11/v1133	SES180	-0.425597	-10.0516	-9.62597
spk_ver/v11/v1134	SES180	-0.585882	-10.2108	-9.62492
spk_ver/v11/v1135	SES180	0.10599	-9.73319	-9.83918
spk_ver/v11/v1136	SES180	-2.07485	-14.5529	-12.478
spk_ver/v11/v1137	SES148	0.286212	-9.4377	-9.72391
spk_ver/v11/v1138	SES104	0.949664	-7.69172	-8.64138
spk_ver/v11/v1139	SES180	-0.279021	-9.87113	-9.59211
spk_ver/v11/v1140	SES083	0.123536	-9.87531	-9.99885
spk_ver/v11/v1141	SES180	-2.06527	-14.254	-12.1887
spk_ver/v11/v1142	SES180	-1.51663	-12.7057	-11.1891
spk_ver/v11/v1143	SES180	-0.609313	-11.5173	-10.908
spk_ver/v11/v1144	SES099	1.27152	-10.9466	-12.2182
spk_ver/v11/v1145	SES180	-0.538466	-11.0207	-10.4823
spk_ver/v11/v1146	SES183	-1.07777	-11.7077	-10.6299
spk_ver/v11/v1147	SES183	-1.10439	-10.7906	-9.68618
spk_ver/v11/v1148	SES183	-0.616857	-11.3233	-10.7065
spk_ver/v11/v1149	SES183	-1.68025	-12.835	-11.1547
spk_ver/v11/v1150	SES183	-0.924026	-13.2434	-12.3194
spk_ver/v11/v1151	SES082	1.05857	-10.0427	-11.1013
spk_ver/v11/v1152	SES183	-0.931122	-12.2552	-11.3241
spk_ver/v11/v1153	SES183	-0.0324278	-9.83508	-9.80265
spk_ver/v11/v1154	SES002	1.25475	-9.15178	-10.4065
spk_ver/v11/v1155	SES183	-0.396693	-10.2759	-9.87916
spk_ver/v11/v1156	SES183	-0.517925	-11.5959	-11.078
spk_ver/v11/v1157	SES183	-1.78457	-10.2757	-8.49108
spk_ver/v11/v1158	SES183	0.0612583	-9.06195	-9.12321
spk_ver/v11/v1159	SES183	-0.196675	-10.2067	-10.01
spk_ver/v11/v1160	SES183	-1.49579	-10.6543	-9.15856
spk_ver/v11/v1161	SES183	-0.123059	-11.3058	-11.1827
spk_ver/v11/v1162	SES105	0.750051	-8.60546	-9.35551
spk_ver/v11/v1163	SES183	-2.53613	-15.713	-13.1769
spk_ver/v11/v1164	SES259	0.960667	-8.55999	-9.52066
spk_ver/v11/v1165	SES183	-0.582257	-11.2093	-10.627
spk_ver/v11/v1166	SES183	-1.69739	-11.9821	-10.2847
spk_ver/v11/v1167	SES183	0.5466	-8.22985	-8.77645
spk_ver/v11/v1168	SES183	0.375279	-9.03182	-9.4071
spk_ver/v11/v1169	SES183	-1.34489	-10.5337	-9.18877
spk_ver/v11/v1170	SES183	-0.885789	-11.4627	-10.5769
spk_ver/v11/v1171	SES183	-2.53186	-15.2419	-12.7101
spk_ver/v11/v1172	SES187	-0.656203	-10.2218	-9.56564
spk_ver/v11/v1173	SES019	1.58528	-9.39005	-10.9753
spk_ver/v11/v1174	SES187	-0.209789	-11.4423	-11.2325
spk_ver/v11/v1175	SES187	-0.448853	-10.7538	-10.305
spk_ver/v11/v1176	SES083	0.594181	-8.72175	-9.31593
spk_ver/v11/v1177	SES187	-1.32797	-13.5898	-12.2619
spk_ver/v11/v1178	SES187	-0.446688	-10.781	-10.3343
spk_ver/v11/v1179	SES187	-0.329679	-10.2872	-9.95752
spk_ver/v11/v1180	SES187	0.157356	-9.45591	-9.61326
spk_ver/v11/v1181	SES187	-0.548752	-10.8332	-10.2844
spk_ver/v11/v1182	SES187	-0.304249	-9.72843	-9.42418
spk_ver/v11/v1183	SES187	0.297218	-9.68904	-9.98626
spk_ver/v11/v1184	SES187	0.139958	-8.98262	-9.12258
spk_ver/v11/v1185	SES127	1.11861	-8.61622	-9.73483
spk_ver/v11/v1186	SES187	0.186687	-8.08382	-8.27051
spk_ver/v11/v1187	SES187	0.12197	-9.32961	-9.45158
spk_ver/v11/v1188	SES187	0.114663	-11.2061	-11.3208
spk_ver/v11/v1189	SES042	0.844419	-9.53601	-10.3804
spk_ver/v11/v1190	SES187	-0.432865	-9.62801	-9.19514
spk_ver/v11/v1191	SES187	-1.47431	-13.9364	-12.4621
spk_ver/v11/v1192	SES187	-0.635022	-11.4435	-10.8085
spk_ver/v11/v1193	SES183	0.945342	-9.68935	-10.6347
spk_ver/v11/v1194	SES187	-0.290031	-10.7715	-10.4815
spk_ver/v11/v1195	SES187	-0.396723	-11.6364	-11.2397
spk_ver/v11/v1196	SES146	0.601685	-9.63607	-10.2378
spk_ver/v11/v1197	SES189	-0.594994	-11.5569	-10.9619
spk_ver/v11/v1198	SES175	0.542341	-9.26557	-9.80792
spk_ver/v11/v1199	SES189	-3.39149	-13.9778	-10.5863
spk_ver/v12/v1200	SES189	-0.353247	-9.60464	-9.2514
spk_ver/v12/v1201	SES177	0.449442	-9.41922	-9.86866
spk_ver/v12/v1202	SES189	-1.19889	-11.0612	-9.86233
spk_ver/v12/v1203	SES143	0.97096	-9.04439	-10.0153
spk_ver/v12/v1204	SES189	-1.24967	-11.2029	-9.95322
spk_ver/v12/v1205	SES189	-0.143023	-10.5798	-10.4368
spk_ver/v12/v1206	SES189	0.448936	-11.1964	-11.6453
spk_ver/v12/v1207	SES189	-2.41209	-11.5291	-9.11697
spk_ver/v12/v1208	SES189	-0.523878	-11.0437	-10.5198
spk_ver/v12/v1209	SES189	-1.57914	-12.5241	-10.945
spk_ver/v12/v1210	SES189	-0.913164	-10.4418	-9.52867
spk_ver/v12/v1211	SES062	0.592443	-8.54475	-9.13719
spk_ver/v12/v1212	SES189	-1.49147	-11.5769	-10.0854
spk_ver/v12/v1213	SES048	0.719368	-9.03137	-9.75074
spk_ver/v12/v1214	SES042	1.33489	-8.6774	-10.0123
spk_ver/v12/v1215	SES008	1.30269	-6.69389	-7.99658
spk_ver/v12/v1216	SES202	-0.558469	-10.7123	-10.1538
spk_ver/v12/v1217	SES202	-0.0470581	-10.5309	-10.4838
spk_ver/v12/v1218	SES085	1.60504	-7.24599	-8.85103
spk_ver/v12/v1219	SES202	0.422794	-8.75319	-9.17599
spk_ver/v12/v1220	SES202	0.769276	-8.19416	-8.96344
spk_ver/v12/v1221	SES202	-0.147294	-10.2961	-10.1488
spk_ver/v12/v1222	SES202	-1.45383	-13.0103	-11.5564
spk_ver/v12/v1223	SES158	0.291694	-9.08151	-9.3732
spk_ver/v12/v1224	SES202	-0.417676	-10.4154	-9.99774
spk_ver/v12/v1225	SES202	0.204272	-9.47426	-9.67853
spk_ver/v12/v1226	SES202	-0.719282	-11.8187	-11.0994
spk_ver/v12/v1227	SES202	0.216043	-9.97777	-10.1938
spk_ver/v12/v1228	SES177	0.386604	-9.62787	-10.0145
spk_ver/v12/v1229	SES202	0.282657	-9.80867	-10.0913
spk_ver/v12/v1230	SES202	0.450018	-9.30374	-9.75376
spk_ver/v12/v1231	SES202	-0.495127	-11.9635	-11.4683
spk_ver/v12/v1232	SES202	0.235417	-9.20126	-9.43667
spk_ver/v12/v1233	SES206	0.953869	-10.1131	-11.067
spk_ver/v12/v1234	SES202	-2.56214	-15.2989	-12.7367
spk_ver/v12/v1235	SES202	-0.0124178	-10.4187	-10.4063
spk_ver/v12/v1236	SES125	0.891623	-9.26233	-10.1539
spk_ver/v12/v1237	SES127	0.191991	-8.65904	-8.85103
spk_ver/v12/v1238	SES202	0.796397	-9.17637	-9.97277
spk_ver/v12/v1239	SES167	1.15403	-7.32763	-8.48166
spk_ver/v12/v1240	SES206	-1.10771	-9.25094	-8.14323
spk_ver/v12/v1241	SES206	-2.88503	-13.1993	-10.3143
spk_ver/v12/v1242	SES206	0.500661	-11.1364	-11.637
spk_ver/v12/v1243	SES206	-0.983526	-12.2089	-11.2254
spk_ver/v12/v1244	SES259	0.595551	-9.47486	-10.0704
spk_ver/v12/v1245	SES206	0.209632	-9.5046	-9.71423
spk_ver/v12/v1246	SES206	-0.686571	-10.1778	-9.49123
spk_ver/v12/v1247	SES206	-0.314113	-10.0014	-9.68734
spk_ver/v12/v1248	SES206	-3.74112	-14.3141	-10.5729
spk_ver/v12/v1249	SES270	1.23268	-8.73149	-9.96417
spk_ver/v12/v1250	SES206	-0.155618	-9.60573	-9.45011
spk_ver/v12/v1251	SES206	-0.0732584	-8.28615	-8.21289
spk_ver/v12/v1252	SES206	-0.22838	-10.0938	-9.86542
spk_ver/v12/v1253	SES206	-1.24956	-12.1025	-10.8529
spk_ver/v12/v1254	SES206	-0.664251	-11.127	-10.4627
spk_ver/v12/v1255	SES125	1.08064	-8.87769	-9.95834
spk_ver/v12/v1256	SES206	-2.02207	-12.2658	-10.2437
spk_ver/v12/v1257	SES206	-1.46882	-10.143	-8.67421
spk_ver/v12/v1258	SES206	-1.51378	-12.1113	-10.5975
spk_ver/v12/v1259	SES206	-0.987179	-10.3866	-9.39943
spk_ver/v12/v1260	SES206	-0.312012	-10.7523	-10.4403
spk_ver/v12/v1261	SES206	-1.33265	-11.1629	-9.83029
spk_ver/v12/v1262	SES206	-2.28737	-11.7486	-9.46123
spk_ver/v12/v1263	SES206	-1.97967	-11.7113	-9.73162
spk_ver/v12/v1264	SES149	0.352459	-9.31429	-9.66675
spk_ver/v12/v1265	SES206	-0.136095	-10.2079	-10.0718
spk_ver/v12/v1266	SES206	-2.24077	-12.4664	-10.2256
spk_ver/v12/v1267	SES206	-0.117164	-11.5555	-11.4383
spk_ver/v12/v1268	SES206	-0.691723	-10.2104	-9.51871
spk_ver/v12/v1269	SES206	-1.73899	-11.4275	-9.68853
spk_ver/v12/v1270	SES206	-4.94407	-16.1391	-11.1951
spk_ver/v12/v1271	SES226	-1.02351	-10.8921	-9.86858
spk_ver/v12/v1272	SES226	-0.442548	-12.3626	-11.92
spk_ver/v12/v1273	SES226	-0.795688	-10.0317	-9.23605
spk_ver/v12/v1274	SES226	-1.10497	-11.6306	-10.5256
spk_ver/v12/v1275	SES226	0.672692	-9.89945	-10.5721
spk_ver/v12/v1276	SES226	-1.0966	-11.7045	-10.6079
spk_ver/v12/v1277	SES226	0.292982	-11.3995	-11.6925
spk_ver/v12/v1278	SES226	0.190238	-10.2842	-10.4744
spk_ver/v12/v1279	SES226	-1.40661	-10.4814	-9.0748
spk_ver/v12/v1280	SES226	-0.370628	-10.4296	-10.059
spk_ver/v12/v1281	SES226	-0.308459	-11.088	-10.7795
spk_ver/v12/v1282	SES226	-0.774572	-12.9388	-12.1643
spk_ver/v12/v1283	SES143	1.16766	-8.89217	-10.0598
spk_ver/v12/v1284	SES226	-1.03024	-9.78385	-8.75361
spk_ver/v12/v1285	SES226	-0.80588	-11.2903	-10.4844
spk_ver/v12/v1286	SES226	0.284425	-10.5476	-10.832
spk_ver/v12/v1287	SES226	-1.24084	-9.91865	-8.67781
spk_ver/v12/v1288	SES226	-0.552233	-9.59826	-9.04603
spk_ver/v12/v1289	SES104	0.229198	-10.4507	-10.6799
spk_ver/v12/v1290	SES008	1.59502	-8.94047	-10.5355
spk_ver/v12/v1291	SES226	-0.384873	-9.41072	-9.02585
spk_ver/v12/v1292	SES259	-0.179557	-11.3194	-11.1398
spk_ver/v12/v1293	SES062	0.53452	-9.59574	-10.1303
spk_ver/v12/v1294	SES099	1.49684	-10.8367	-12.3335
spk_ver/v12/v1295	SES158	0.994081	-9.75927	-10.7534
spk_ver/v12/v1296	SES259	-2.6495	-12.0764	-9.42685
spk_ver/v12/v1297	SES259	-4.10193	-15.1592	-11.0573
spk_ver/v12/v1298	SES259	0.00248337	-11.9656	-11.9681
spk_ver/v12/v1299	SES259	-1.72478	-12.6656	-10.9408
spk_ver/v13/v1300	SES120	0.975339	-10.1636	-11.1389
spk_ver/v13/v1301	SES259	-5.57105	-16.1046	-10.5336
spk_ver/v13/v1302	SES259	-1.49165	-11.7178	-10.2261
spk_ver/v13/v1303	SES129	1.05365	-8.65163	-9.70528
spk_ver/v13/v1304	SES259	-0.416253	-11.2215	-10.8052
spk_ver/v13/v1305	SES259	-2.30717	-12.0968	-9.7896
spk_ver/v13/v1306	SES106	1.15865	-8.52692	-9.68556
spk_ver/v13/v1307	SES259	-2.00356	-12.1076	-10.104
spk_ver/v13/v1308	SES259	-1.26007	-11.0375	-9.77746
spk_ver/v13/v1309	SES259	-1.4233	-10.4532	-9.02988
spk_ver/v13/v1310	SES259	-2.68058	-12.2463	-9.56568
spk_ver/v13/v1311	SES259	-0.457977	-9.99316	-9.53518
spk_ver/v13/v1312	SES259	-0.749875	-10.521	-9.7711
spk_ver/v13/v1313	SES144	0.585832	-8.68892	-9.27475
spk_ver/v13/v1314	SES259	-2.52692	-13.0716	-10.5446
spk_ver/v13/v1315	SES162	0.758034	-8.99127	-9.7493
spk_ver/v13/v1316	SES206	0.689447	-9.81756	-10.507
spk_ver/v13/v1317	SES175	0.0752211	-9.55133	-9.62655
spk_ver/v13/v1318	SES259	-0.0411863	-10.3531	-10.3119
spk_ver/v13/v1319	SES259	-2.01382	-11.7918	-9.77799
spk_ver/v13/v1320	SES270	-0.0739927	-10.8557	-10.7817
spk_ver/v13/v1321	SES101	0.528859	-9.17027	-9.69913
spk_ver/v13/v1322	SES177	0.681245	-9.40512	-10.0864
spk_ver/v13/v1323	SES127	0.712842	-7.95998	-8.67282
spk_ver/v13/v1324	SES270	-1.03424	-10.816	-9.78179
spk_ver/v13/v1325	SES062	0.833908	-9.10722	-9.94113
spk_ver/v13/v1326	SES270	0.588151	-9.67611	-10.2643
spk_ver/v13/v1327	SES120	0.443725	-9.48209	-9.92581
spk_ver/v13/v1328	SES270	-2.22742	-13.0214	-10.794
spk_ver/v13/v1329	SES270	-1.90227	-10.0629	-8.16067
spk_ver/v13/v1330	SES270	-0.646571	-12.2506	-11.6041
spk_ver/v13/v1331	SES270	-0.563031	-9.61774	-9.05471
spk_ver/v13/v1332	SES270	-0.721589	-10.645	-9.92338
spk_ver/v13/v1333	SES270	0.486874	-10.8405	-11.3274
spk_ver/v13/v1334	SES270	-1.27104	-12.8367	-11.5657
spk_ver/v13/v1335	SES270	0.212134	-9.573	-9.78513
spk_ver/v13/v1336	SES270	-0.995154	-10.6353	-9.64013
spk_ver/v13/v1337	SES016	0.442823	-9.95901	-10.4018
spk_ver/v13/v1338	SES270	-0.96563	-10.4426	-9.47694
spk_ver/v13/v1339	SES002	0.689692	-8.46995	-9.15965
spk_ver/v13/v1340	SES105	1.00962	-9.57651	-10.5861
spk_ver/v13/v1341	SES275	-0.296329	-10.544	-10.2476
spk_ver/v13/v1342	SES187	0.714202	-9.71918	-10.4334
spk_ver/v13/v1343	SES275	-1.62658	-12.2827	-10.6562
spk_ver/v13/v1344	SES275	-1.0128	-10.9354	-9.92257
spk_ver/v13/v1345	SES275	-1.18753	-11.1823	-9.99478
spk_ver/v13/v1346	SES275	-2.13702	-13.9557	-11.8187
spk_ver/v13/v1347	SES275	-1.9908	-13.2859	-11.2951
spk_ver/v13/v1348	SES180	0.569887	-8.23039	-8.80028
spk_ver/v13/v1349	SES275	-2.2327	-14.4285	-12.1958
spk_ver/v13/v1350	SES275	-0.13676	-9.24071	-9.10395
spk_ver/v13/v1351	SES275	-0.515005	-10.507	-9.99201
spk_ver/v13/v1352	SES275	-1.68583	-11.7833	-10.0975
spk_ver/v13/v1353	SES275	-1.79023	-12.4473	-10.6571
spk_ver/v13/v1354	SES189	0.111064	-9.02951	-9.14058
spk_ver/v13/v1355	SES068	0.657737	-7.95689	-8.61463
spk_ver/v13/v1356	SES275	-0.89367	-11.3609	-10.4672
spk_ver/v13/v1357	SES048	0.460011	-10.0379	-10.4979
spk_ver/v13/v1358	SES226	0.237511	-9.18781	-9.42532
spk_ver/v13/v1359	SES016	0.397265	-9.07165	-9.46892
spk_ver/v13/v1360	SES275	-2.79493	-14.0913	-11.2963
spk_ver/v13/v1361	SES068	1.14391	-8.43816	-9.58208
spk_ver/v13/v1362	SES275	-0.814835	-10.8718	-10.057
spk_ver/v13/v1363	SES275	-1.57644	-12.1246	-10.5482
spk_ver/v13/v1364	SES275	-1.66416	-12.8894	-11.2252
spk_ver/v13/v1365	SES275	-0.674127	-10.2261	-9.55197
spk_ver/v13/v1366	SES187	0.343031	-9.26033	-9.60336
spk_ver/v13/v1367	SES275	-1.09878	-12.7136	-11.6148
spk_ver/v13/v1368	SES125	-0.26591	-9.16009	-8.89418
spk_ver/v13/v1369	SES275	-2.29459	-13.5051	-11.2105
spk_ver/v13/v1370	SES292	-0.532887	-9.77473	-9.24184
spk_ver/v13/v1371	SES292	0.397259	-9.42345	-9.82071
spk_ver/v13/v1372	SES292	0.191886	-10.6952	-10.8871
spk_ver/v13/v1373	SES292	-0.36652	-9.90568	-9.53916
spk_ver/v13/v1374	SES101	0.549509	-9.16993	-9.71944
spk_ver/v13/v1375	SES292	-0.0362883	-10.3944	-10.3581
spk_ver/v13/v1376	SES292	-0.368986	-9.4907	-9.12172
spk_ver/v13/v1377	SES292	-0.362007	-10.8161	-10.4541
spk_ver/v13/v1378	SES292	0.13094	-9.67993	-9.81087
spk_ver/v13/v1379	SES292	-0.0324183	-9.57189	-9.53947
spk_ver/v13/v1380	SES292	-0.235252	-10.0838	-9.84859
spk_ver/v13/v1381	SES292	0.0683432	-8.66746	-8.7358
spk_ver/v13/v1382	SES292	0.0130653	-9.75034	-9.76341
spk_ver/v13/v1383	SES292	0.90798	-10.3687	-11.2767
spk_ver/v13/v1384	SES292	0.20327	-9.47006	-9.67333
spk_ver/v13/v1385	SES292	0.64231	-10.234	-10.8763
spk_ver/v13/v1386	SES292	-0.150562	-10.1518	-10.0012
spk_ver/v13/v1387	SES158	2.64905	-10.9434	-13.5924
spk_ver/v13/v1388	SES292	0.303699	-9.25402	-9.55772
spk_ver/v13/v1389	SES292	-0.0110731	-8.81873	-8.80766
spk_ver/v13/v1390	SES292	0.594995	-10.1798	-10.7748
spk_ver/v13/v1391	SES292	-0.204567	-10.2998	-10.0953
spk_ver/v13/v1392	SES292	-0.0221043	-10.7866	-10.7644
spk_ver/v13/v1393	SES292	0.321905	-9.58596	-9.90786
spk_ver/v13/v1394	SES292	0.0521221	-9.85909	-9.91121
spk_ver/v13/v1395	SES292	0.16791	-9.71595	-9.88386
spk_ver/v13/v1396	SES117	0.967332	-10.1912	-11.1586
spk_ver/v13/v1397	SES292	-1.03226	-11.0342	-10.002
spk_ver/v13/v1398	SES292	-0.0278912	-10.9614	-10.9335
spk_ver/v13/v1399	SES292	0.538327	-9.12226	-9.66059
