Threshold search:
THR	-8.197432086	9	0(0)	1(1000)
THR	-8.07657196514	8.991	0(0)	0.999(999)
THR	-7.95571184428	8.991	0(0)	0.999(999)
THR	-7.83485172342	8.991	0(0)	0.999(999)
THR	-7.71399160256	8.991	0(0)	0.999(999)
THR	-7.5931314817	8.991	0(0)	0.999(999)
THR	-7.47227136084	8.991	0(0)	0.999(999)
THR	-7.35141123998	8.991	0(0)	0.999(999)
THR	-7.23055111912	8.982	0(0)	0.998(998)
THR	-7.10969099826	8.982	0(0)	0.998(998)
THR	-6.9888308774	8.982	0(0)	0.998(998)
THR	-6.86797075654	8.982	0(0)	0.998(998)
THR	-6.74711063568	8.982	0(0)	0.998(998)
THR	-6.62625051482	8.982	0(0)	0.998(998)
THR	-6.50539039396	8.982	0(0)	0.998(998)
THR	-6.3845302731	8.982	0(0)	0.998(998)
THR	-6.26367015224	8.982	0(0)	0.998(998)
THR	-6.14281003138	8.973	0(0)	0.997(997)
THR	-6.02194991052	8.973	0(0)	0.997(997)
THR	-5.90108978966	8.964	0(0)	0.996(996)
THR	-5.7802296688	8.955	0(0)	0.995(995)
THR	-5.65936954794	8.955	0(0)	0.995(995)
THR	-5.53850942708	8.937	0(0)	0.993(993)
THR	-5.41764930622	8.937	0(0)	0.993(993)
THR	-5.29678918536001	8.928	0(0)	0.992(992)
THR	-5.17592906450001	8.928	0(0)	0.992(992)
THR	-5.05506894364001	8.91	0(0)	0.99(990)
THR	-4.93420882278001	8.901	0(0)	0.989(989)
THR	-4.81334870192001	8.892	0(0)	0.988(988)
THR	-4.69248858106001	8.874	0(0)	0.986(986)
THR	-4.57162846020001	8.856	0(0)	0.984(984)
THR	-4.45076833934001	8.838	0(0)	0.982(982)
THR	-4.32990821848001	8.82	0(0)	0.98(980)
THR	-4.20904809762001	8.775	0(0)	0.975(975)
THR	-4.08818797676001	8.703	0(0)	0.967(967)
THR	-3.96732785590001	8.667	0(0)	0.963(963)
THR	-3.84646773504001	8.586	0(0)	0.954(954)
THR	-3.72560761418001	8.536	0.004(1)	0.948(948)
THR	-3.60474749332001	8.473	0.004(1)	0.941(941)
THR	-3.48388737246001	8.383	0.004(1)	0.931(931)
THR	-3.36302725160001	8.293	0.004(1)	0.921(921)
THR	-3.24216713074001	8.14	0.004(1)	0.904(904)
THR	-3.12130700988001	8.05	0.004(1)	0.894(894)
THR	-3.00044688902001	7.915	0.004(1)	0.879(879)
THR	-2.87958676816001	7.762	0.004(1)	0.862(862)
THR	-2.75872664730001	7.564	0.004(1)	0.84(840)
THR	-2.63786652644001	7.384	0.004(1)	0.82(820)
THR	-2.51700640558	7.168	0.004(1)	0.796(796)
THR	-2.39614628472	7.033	0.004(1)	0.781(781)
THR	-2.27528616386	6.835	0.004(1)	0.759(759)
THR	-2.154426043	6.529	0.004(1)	0.725(725)
THR	-2.03356592214	6.277	0.004(1)	0.697(697)
THR	-1.91270580128	6.034	0.004(1)	0.67(670)
THR	-1.79184568042	5.782	0.004(1)	0.642(642)
THR	-1.67098555956	5.413	0.004(1)	0.601(601)
THR	-1.5501254387	4.9	0.004(1)	0.544(544)
THR	-1.42926531784	4.405	0.004(1)	0.489(489)
THR	-1.30840519698	4	0.004(1)	0.444(444)
THR	-1.18754507612	3.577	0.004(1)	0.397(397)
THR	-1.06668495526	3.01	0.004(1)	0.334(334)
THR	-0.945824834400004	2.632	0.004(1)	0.292(292)
THR	-0.824964713540004	2.218	0.004(1)	0.246(246)
THR	-0.704104592680004	1.763	0.008(2)	0.195(195)
THR	-0.583244471820004	1.43	0.008(2)	0.158(158)
THR	-0.462384350960005	1.047	0.012(3)	0.115(115)
THR	-0.341524230100005	0.768	0.012(3)	0.084(84)
THR	-0.220664109240005	0.529	0.016(4)	0.057(57)
THR	-0.0998039883800045	0.389	0.02(5)	0.041(41)
THR	0.0210561324799955	0.285	0.024(6)	0.029(29)
THR	0.141916253339995	0.221	0.032(8)	0.021(21)
THR	0.262776374199995	0.17	0.044(11)	0.014(14)
THR	0.383636495059995	0.141	0.06(15)	0.009(9)
THR	0.504496615919995	0.163	0.1(25)	0.007(7)
THR	0.625356736779995	0.16	0.124(31)	0.004(4)
THR	0.746216857639995	0.186	0.168(42)	0.002(2)
THR	0.867076978499995	0.218	0.2(50)	0.002(2)
THR	0.987937099359995	0.265	0.256(64)	0.001(1)
THR	1.10879722022	0.312	0.312(78)	0(0)
THR	1.22965734108	0.356	0.356(89)	0(0)
THR	1.35051746194	0.42	0.42(105)	0(0)
THR	1.4713775828	0.496	0.496(124)	0(0)
THR	1.59223770366	0.536	0.536(134)	0(0)
THR	1.71309782452	0.596	0.596(149)	0(0)
THR	1.83395794538	0.68	0.68(170)	0(0)
THR	1.95481806624	0.712	0.712(178)	0(0)
THR	2.0756781871	0.736	0.736(184)	0(0)
THR	2.19653830796	0.776	0.776(194)	0(0)
THR	2.31739842882	0.812	0.812(203)	0(0)
THR	2.43825854968	0.852	0.852(213)	0(0)
THR	2.55911867054	0.884	0.884(221)	0(0)
THR	2.6799787914	0.9	0.9(225)	0(0)
THR	2.80083891226	0.92	0.92(230)	0(0)
THR	2.92169903312	0.94	0.94(235)	0(0)
THR	3.04255915398	0.956	0.956(239)	0(0)
THR	3.16341927484	0.964	0.964(241)	0(0)
THR	3.2842793957	0.968	0.968(242)	0(0)
THR	3.40513951656	0.98	0.98(245)	0(0)
THR	3.52599963742	0.98	0.98(245)	0(0)
THR	3.64685975828	0.98	0.98(245)	0(0)
THR	3.76771987914	0.992	0.992(248)	0(0)
THR	3.88858	0.996	0.996(249)	0(0)
THR	4.00944012086	1	1(250)	0(0)


==============================================
THR: 0.383636495059995
Missed:     15/250=0.0600
FalseAlarm: 9/1000=0.0090
----------------------------------------------
==> CostDetection: 14.1
==============================================
Threshold search:
THR	-8.20155203723	9	0(0)	1(1000)
THR	-8.0811796168577	8.991	0(0)	0.999(999)
THR	-7.9608071964854	8.991	0(0)	0.999(999)
THR	-7.8404347761131	8.991	0(0)	0.999(999)
THR	-7.7200623557408	8.991	0(0)	0.999(999)
THR	-7.5996899353685	8.991	0(0)	0.999(999)
THR	-7.4793175149962	8.991	0(0)	0.999(999)
THR	-7.3589450946239	8.991	0(0)	0.999(999)
THR	-7.2385726742516	8.982	0(0)	0.998(998)
THR	-7.1182002538793	8.982	0(0)	0.998(998)
THR	-6.997827833507	8.982	0(0)	0.998(998)
THR	-6.8774554131347	8.982	0(0)	0.998(998)
THR	-6.7570829927624	8.982	0(0)	0.998(998)
THR	-6.6367105723901	8.982	0(0)	0.998(998)
THR	-6.5163381520178	8.982	0(0)	0.998(998)
THR	-6.3959657316455	8.973	0(0)	0.997(997)
THR	-6.2755933112732	8.973	0(0)	0.997(997)
THR	-6.1552208909009	8.955	0(0)	0.995(995)
THR	-6.0348484705286	8.955	0(0)	0.995(995)
THR	-5.9144760501563	8.955	0(0)	0.995(995)
THR	-5.794103629784	8.946	0(0)	0.994(994)
THR	-5.6737312094117	8.946	0(0)	0.994(994)
THR	-5.55335878903939	8.946	0(0)	0.994(994)
THR	-5.43298636866709	8.946	0(0)	0.994(994)
THR	-5.31261394829479	8.946	0(0)	0.994(994)
THR	-5.19224152792249	8.937	0(0)	0.993(993)
THR	-5.07186910755019	8.928	0(0)	0.992(992)
THR	-4.95149668717789	8.91	0(0)	0.99(990)
THR	-4.83112426680559	8.91	0(0)	0.99(990)
THR	-4.71075184643329	8.892	0(0)	0.988(988)
THR	-4.59037942606099	8.874	0(0)	0.986(986)
THR	-4.47000700568869	8.829	0(0)	0.981(981)
THR	-4.34963458531639	8.829	0(0)	0.981(981)
THR	-4.22926216494409	8.757	0(0)	0.973(973)
THR	-4.10888974457179	8.694	0(0)	0.966(966)
THR	-3.98851732419949	8.64	0(0)	0.96(960)
THR	-3.86814490382719	8.613	0(0)	0.957(957)
THR	-3.74777248345489	8.487	0(0)	0.943(943)
THR	-3.62740006308259	8.397	0(0)	0.933(933)
THR	-3.50702764271029	8.334	0(0)	0.926(926)
THR	-3.38665522233799	8.257	0.004(1)	0.917(917)
THR	-3.26628280196569	8.14	0.004(1)	0.904(904)
THR	-3.14591038159339	8.05	0.004(1)	0.894(894)
THR	-3.02553796122109	7.87	0.004(1)	0.874(874)
THR	-2.90516554084879	7.753	0.004(1)	0.861(861)
THR	-2.78479312047649	7.609	0.004(1)	0.845(845)
THR	-2.66442070010419	7.42	0.004(1)	0.824(824)
THR	-2.5440482797319	7.249	0.004(1)	0.805(805)
THR	-2.4236758593596	7.114	0.004(1)	0.79(790)
THR	-2.3033034389873	6.889	0.004(1)	0.765(765)
THR	-2.182931018615	6.565	0.004(1)	0.729(729)
THR	-2.0625585982427	6.34	0.004(1)	0.704(704)
THR	-1.9421861778704	6.043	0.004(1)	0.671(671)
THR	-1.8218137574981	5.773	0.004(1)	0.641(641)
THR	-1.7014413371258	5.476	0.004(1)	0.608(608)
THR	-1.5810689167535	4.999	0.004(1)	0.555(555)
THR	-1.4606964963812	4.468	0.004(1)	0.496(496)
THR	-1.3403240760089	4.117	0.004(1)	0.457(457)
THR	-1.2199516556366	3.622	0.004(1)	0.402(402)
THR	-1.0995792352643	3.154	0.004(1)	0.35(350)
THR	-0.979206814891996	2.74	0.004(1)	0.304(304)
THR	-0.858834394519696	2.254	0.004(1)	0.25(250)
THR	-0.738461974147396	1.894	0.004(1)	0.21(210)
THR	-0.618089553775096	1.489	0.004(1)	0.165(165)
THR	-0.497717133402796	1.102	0.004(1)	0.122(122)
THR	-0.377344713030496	0.809	0.008(2)	0.089(89)
THR	-0.256972292658196	0.629	0.008(2)	0.069(69)
THR	-0.136599872285896	0.457	0.016(4)	0.049(49)
THR	-0.0162274519135959	0.317	0.02(5)	0.033(33)
THR	0.104144968458704	0.216	0.036(9)	0.02(20)
THR	0.224517388831004	0.208	0.064(16)	0.016(16)
THR	0.344889809203304	0.192	0.084(21)	0.012(12)
THR	0.465262229575604	0.141	0.096(24)	0.005(5)
THR	0.585634649947904	0.164	0.128(32)	0.004(4)
THR	0.706007070320204	0.183	0.156(39)	0.003(3)
THR	0.826379490692504	0.192	0.192(48)	0(0)
THR	0.946751911064804	0.236	0.236(59)	0(0)
THR	1.0671243314371	0.304	0.304(76)	0(0)
THR	1.1874967518094	0.364	0.364(91)	0(0)
THR	1.3078691721817	0.432	0.432(108)	0(0)
THR	1.428241592554	0.484	0.484(121)	0(0)
THR	1.5486140129263	0.548	0.548(137)	0(0)
THR	1.6689864332986	0.588	0.588(147)	0(0)
THR	1.7893588536709	0.648	0.648(162)	0(0)
THR	1.9097312740432	0.7	0.7(175)	0(0)
THR	2.0301036944155	0.736	0.736(184)	0(0)
THR	2.1504761147878	0.776	0.776(194)	0(0)
THR	2.2708485351601	0.812	0.812(203)	0(0)
THR	2.3912209555324	0.836	0.836(209)	0(0)
THR	2.5115933759047	0.88	0.88(220)	0(0)
THR	2.631965796277	0.904	0.904(226)	0(0)
THR	2.7523382166493	0.924	0.924(231)	0(0)
THR	2.8727106370216	0.94	0.94(235)	0(0)
THR	2.9930830573939	0.944	0.944(236)	0(0)
THR	3.1134554777662	0.956	0.956(239)	0(0)
THR	3.2338278981385	0.972	0.972(243)	0(0)
THR	3.3542003185108	0.972	0.972(243)	0(0)
THR	3.4745727388831	0.976	0.976(244)	0(0)
THR	3.5949451592554	0.976	0.976(244)	0(0)
THR	3.7153175796277	0.98	0.98(245)	0(0)
THR	3.83569	1	1(250)	0(0)


==============================================
THR: 0.465262229575604
Missed:     24/250=0.0960
FalseAlarm: 5/1000=0.0050
----------------------------------------------
==> CostDetection: 14.1
==============================================
Threshold search:
THR	-7.74047163301	9	0(0)	1(1000)
THR	-7.6241414166799	8.991	0(0)	0.999(999)
THR	-7.5078112003498	8.991	0(0)	0.999(999)
THR	-7.3914809840197	8.991	0(0)	0.999(999)
THR	-7.2751507676896	8.991	0(0)	0.999(999)
THR	-7.1588205513595	8.991	0(0)	0.999(999)
THR	-7.0424903350294	8.982	0(0)	0.998(998)
THR	-6.9261601186993	8.982	0(0)	0.998(998)
THR	-6.8098299023692	8.982	0(0)	0.998(998)
THR	-6.6934996860391	8.982	0(0)	0.998(998)
THR	-6.577169469709	8.982	0(0)	0.998(998)
THR	-6.4608392533789	8.982	0(0)	0.998(998)
THR	-6.3445090370488	8.982	0(0)	0.998(998)
THR	-6.2281788207187	8.973	0(0)	0.997(997)
THR	-6.1118486043886	8.973	0(0)	0.997(997)
THR	-5.9955183880585	8.973	0(0)	0.997(997)
THR	-5.8791881717284	8.964	0(0)	0.996(996)
THR	-5.7628579553983	8.964	0(0)	0.996(996)
THR	-5.6465277390682	8.955	0(0)	0.995(995)
THR	-5.5301975227381	8.937	0(0)	0.993(993)
THR	-5.413867306408	8.937	0(0)	0.993(993)
THR	-5.2975370900779	8.937	0(0)	0.993(993)
THR	-5.1812068737478	8.937	0(0)	0.993(993)
THR	-5.0648766574177	8.937	0(0)	0.993(993)
THR	-4.9485464410876	8.937	0(0)	0.993(993)
THR	-4.8322162247575	8.919	0(0)	0.991(991)
THR	-4.7158860084274	8.901	0(0)	0.989(989)
THR	-4.5995557920973	8.874	0(0)	0.986(986)
THR	-4.4832255757672	8.856	0(0)	0.984(984)
THR	-4.3668953594371	8.847	0(0)	0.983(983)
THR	-4.250565143107	8.82	0(0)	0.98(980)
THR	-4.1342349267769	8.784	0(0)	0.976(976)
THR	-4.0179047104468	8.739	0(0)	0.971(971)
THR	-3.9015744941167	8.658	0(0)	0.962(962)
THR	-3.7852442777866	8.599	0.004(1)	0.955(955)
THR	-3.6689140614565	8.518	0.004(1)	0.946(946)
THR	-3.5525838451264	8.428	0.004(1)	0.936(936)
THR	-3.4362536287963	8.374	0.004(1)	0.93(930)
THR	-3.3199234124662	8.257	0.004(1)	0.917(917)
THR	-3.2035931961361	8.176	0.004(1)	0.908(908)
THR	-3.087262979806	8.086	0.004(1)	0.898(898)
THR	-2.9709327634759	7.996	0.004(1)	0.888(888)
THR	-2.8546025471458	7.816	0.004(1)	0.868(868)
THR	-2.7382723308157	7.627	0.004(1)	0.847(847)
THR	-2.62194211448559	7.393	0.004(1)	0.821(821)
THR	-2.50561189815549	7.159	0.004(1)	0.795(795)
THR	-2.38928168182539	6.916	0.004(1)	0.768(768)
THR	-2.27295146549529	6.772	0.004(1)	0.752(752)
THR	-2.15662124916519	6.529	0.004(1)	0.725(725)
THR	-2.04029103283509	6.259	0.004(1)	0.695(695)
THR	-1.92396081650499	5.98	0.004(1)	0.664(664)
THR	-1.80763060017489	5.701	0.004(1)	0.633(633)
THR	-1.69130038384479	5.332	0.004(1)	0.592(592)
THR	-1.57497016751469	4.972	0.004(1)	0.552(552)
THR	-1.45863995118459	4.486	0.004(1)	0.498(498)
THR	-1.34230973485449	3.982	0.004(1)	0.442(442)
THR	-1.22597951852439	3.496	0.004(1)	0.388(388)
THR	-1.10964930219429	3.064	0.004(1)	0.34(340)
THR	-0.993319085864194	2.74	0.004(1)	0.304(304)
THR	-0.876988869534094	2.281	0.004(1)	0.253(253)
THR	-0.760658653203994	1.885	0.004(1)	0.209(209)
THR	-0.644328436873894	1.57	0.004(1)	0.174(174)
THR	-0.527998220543794	1.237	0.004(1)	0.137(137)
THR	-0.411668004213694	0.778	0.004(1)	0.086(86)
THR	-0.295337787883594	0.638	0.008(2)	0.07(70)
THR	-0.179007571553494	0.457	0.016(4)	0.049(49)
THR	-0.0626773552233938	0.326	0.02(5)	0.034(34)
THR	0.0536528611067062	0.271	0.028(7)	0.027(27)
THR	0.169983077436806	0.207	0.036(9)	0.019(19)
THR	0.286313293766906	0.147	0.048(12)	0.011(11)
THR	0.402643510097006	0.174	0.084(21)	0.01(10)
THR	0.518973726427106	0.14	0.104(26)	0.004(4)
THR	0.635303942757206	0.168	0.132(33)	0.004(4)
THR	0.751634159087306	0.174	0.156(39)	0.002(2)
THR	0.867964375417406	0.196	0.196(49)	0(0)
THR	0.984294591747506	0.268	0.268(67)	0(0)
THR	1.10062480807761	0.336	0.336(84)	0(0)
THR	1.21695502440771	0.384	0.384(96)	0(0)
THR	1.33328524073781	0.424	0.424(106)	0(0)
THR	1.44961545706791	0.48	0.48(120)	0(0)
THR	1.56594567339801	0.548	0.548(137)	0(0)
THR	1.68227588972811	0.596	0.596(149)	0(0)
THR	1.79860610605821	0.628	0.628(157)	0(0)
THR	1.91493632238831	0.696	0.696(174)	0(0)
THR	2.03126653871841	0.744	0.744(186)	0(0)
THR	2.14759675504851	0.772	0.772(193)	0(0)
THR	2.26392697137861	0.8	0.8(200)	0(0)
THR	2.38025718770871	0.848	0.848(212)	0(0)
THR	2.49658740403881	0.868	0.868(217)	0(0)
THR	2.61291762036891	0.884	0.884(221)	0(0)
THR	2.72924783669901	0.904	0.904(226)	0(0)
THR	2.84557805302911	0.92	0.92(230)	0(0)
THR	2.96190826935921	0.944	0.944(236)	0(0)
THR	3.07823848568931	0.956	0.956(239)	0(0)
THR	3.19456870201941	0.96	0.96(240)	0(0)
THR	3.31089891834951	0.972	0.972(243)	0(0)
THR	3.42722913467961	0.976	0.976(244)	0(0)
THR	3.54355935100971	0.976	0.976(244)	0(0)
THR	3.65988956733981	0.98	0.98(245)	0(0)
THR	3.77621978366991	0.992	0.992(248)	0(0)
THR	3.89255000000001	1	1(250)	0(0)


==============================================
THR: 0.518973726427106
Missed:     26/250=0.1040
FalseAlarm: 4/1000=0.0040
----------------------------------------------
==> CostDetection: 14.0
==============================================
Threshold search:
THR	-8.197432086	9	0(0)	1(1000)
THR	-8.07657196514	8.991	0(0)	0.999(999)
THR	-7.95571184428	8.991	0(0)	0.999(999)
THR	-7.83485172342	8.991	0(0)	0.999(999)
THR	-7.71399160256	8.991	0(0)	0.999(999)
THR	-7.5931314817	8.991	0(0)	0.999(999)
THR	-7.47227136084	8.991	0(0)	0.999(999)
THR	-7.35141123998	8.991	0(0)	0.999(999)
THR	-7.23055111912	8.982	0(0)	0.998(998)
THR	-7.10969099826	8.982	0(0)	0.998(998)
THR	-6.9888308774	8.982	0(0)	0.998(998)
THR	-6.86797075654	8.982	0(0)	0.998(998)
THR	-6.74711063568	8.982	0(0)	0.998(998)
THR	-6.62625051482	8.982	0(0)	0.998(998)
THR	-6.50539039396	8.982	0(0)	0.998(998)
THR	-6.3845302731	8.982	0(0)	0.998(998)
THR	-6.26367015224	8.982	0(0)	0.998(998)
THR	-6.14281003138	8.973	0(0)	0.997(997)
THR	-6.02194991052	8.973	0(0)	0.997(997)
THR	-5.90108978966	8.964	0(0)	0.996(996)
THR	-5.7802296688	8.955	0(0)	0.995(995)
THR	-5.65936954794	8.955	0(0)	0.995(995)
THR	-5.53850942708	8.937	0(0)	0.993(993)
THR	-5.41764930622	8.937	0(0)	0.993(993)
THR	-5.29678918536001	8.928	0(0)	0.992(992)
THR	-5.17592906450001	8.928	0(0)	0.992(992)
THR	-5.05506894364001	8.91	0(0)	0.99(990)
THR	-4.93420882278001	8.901	0(0)	0.989(989)
THR	-4.81334870192001	8.892	0(0)	0.988(988)
THR	-4.69248858106001	8.874	0(0)	0.986(986)
THR	-4.57162846020001	8.856	0(0)	0.984(984)
THR	-4.45076833934001	8.838	0(0)	0.982(982)
THR	-4.32990821848001	8.82	0(0)	0.98(980)
THR	-4.20904809762001	8.775	0(0)	0.975(975)
THR	-4.08818797676001	8.703	0(0)	0.967(967)
THR	-3.96732785590001	8.667	0(0)	0.963(963)
THR	-3.84646773504001	8.586	0(0)	0.954(954)
THR	-3.72560761418001	8.536	0.004(1)	0.948(948)
THR	-3.60474749332001	8.473	0.004(1)	0.941(941)
THR	-3.48388737246001	8.383	0.004(1)	0.931(931)
THR	-3.36302725160001	8.293	0.004(1)	0.921(921)
THR	-3.24216713074001	8.14	0.004(1)	0.904(904)
THR	-3.12130700988001	8.05	0.004(1)	0.894(894)
THR	-3.00044688902001	7.915	0.004(1)	0.879(879)
THR	-2.87958676816001	7.762	0.004(1)	0.862(862)
THR	-2.75872664730001	7.564	0.004(1)	0.84(840)
THR	-2.63786652644001	7.384	0.004(1)	0.82(820)
THR	-2.51700640558	7.168	0.004(1)	0.796(796)
THR	-2.39614628472	7.033	0.004(1)	0.781(781)
THR	-2.27528616386	6.835	0.004(1)	0.759(759)
THR	-2.154426043	6.529	0.004(1)	0.725(725)
THR	-2.03356592214	6.277	0.004(1)	0.697(697)
THR	-1.91270580128	6.034	0.004(1)	0.67(670)
THR	-1.79184568042	5.782	0.004(1)	0.642(642)
THR	-1.67098555956	5.413	0.004(1)	0.601(601)
THR	-1.5501254387	4.9	0.004(1)	0.544(544)
THR	-1.42926531784	4.405	0.004(1)	0.489(489)
THR	-1.30840519698	4	0.004(1)	0.444(444)
THR	-1.18754507612	3.577	0.004(1)	0.397(397)
THR	-1.06668495526	3.01	0.004(1)	0.334(334)
THR	-0.945824834400004	2.632	0.004(1)	0.292(292)
THR	-0.824964713540004	2.218	0.004(1)	0.246(246)
THR	-0.704104592680004	1.763	0.008(2)	0.195(195)
THR	-0.583244471820004	1.43	0.008(2)	0.158(158)
THR	-0.462384350960005	1.047	0.012(3)	0.115(115)
THR	-0.341524230100005	0.768	0.012(3)	0.084(84)
THR	-0.220664109240005	0.529	0.016(4)	0.057(57)
THR	-0.0998039883800045	0.389	0.02(5)	0.041(41)
THR	0.0210561324799955	0.285	0.024(6)	0.029(29)
THR	0.141916253339995	0.221	0.032(8)	0.021(21)
THR	0.262776374199995	0.17	0.044(11)	0.014(14)
THR	0.383636495059995	0.141	0.06(15)	0.009(9)
THR	0.504496615919995	0.163	0.1(25)	0.007(7)
THR	0.625356736779995	0.16	0.124(31)	0.004(4)
THR	0.746216857639995	0.186	0.168(42)	0.002(2)
THR	0.867076978499995	0.218	0.2(50)	0.002(2)
THR	0.987937099359995	0.265	0.256(64)	0.001(1)
THR	1.10879722022	0.312	0.312(78)	0(0)
THR	1.22965734108	0.356	0.356(89)	0(0)
THR	1.35051746194	0.42	0.42(105)	0(0)
THR	1.4713775828	0.496	0.496(124)	0(0)
THR	1.59223770366	0.536	0.536(134)	0(0)
THR	1.71309782452	0.596	0.596(149)	0(0)
THR	1.83395794538	0.68	0.68(170)	0(0)
THR	1.95481806624	0.712	0.712(178)	0(0)
THR	2.0756781871	0.736	0.736(184)	0(0)
THR	2.19653830796	0.776	0.776(194)	0(0)
THR	2.31739842882	0.812	0.812(203)	0(0)
THR	2.43825854968	0.852	0.852(213)	0(0)
THR	2.55911867054	0.884	0.884(221)	0(0)
THR	2.6799787914	0.9	0.9(225)	0(0)
THR	2.80083891226	0.92	0.92(230)	0(0)
THR	2.92169903312	0.94	0.94(235)	0(0)
THR	3.04255915398	0.956	0.956(239)	0(0)
THR	3.16341927484	0.964	0.964(241)	0(0)
THR	3.2842793957	0.968	0.968(242)	0(0)
THR	3.40513951656	0.98	0.98(245)	0(0)
THR	3.52599963742	0.98	0.98(245)	0(0)
THR	3.64685975828	0.98	0.98(245)	0(0)
THR	3.76771987914	0.992	0.992(248)	0(0)
THR	3.88858	0.996	0.996(249)	0(0)
THR	4.00944012086	1	1(250)	0(0)


==============================================
THR: 0.383636495059995
Missed:     15/250=0.0600
FalseAlarm: 9/1000=0.0090
----------------------------------------------
==> CostDetection: 14.1
==============================================
Threshold search:
THR	-8.197432086	9	0(0)	1(1000)
THR	-8.07657196514	8.991	0(0)	0.999(999)
THR	-7.95571184428	8.991	0(0)	0.999(999)
THR	-7.83485172342	8.991	0(0)	0.999(999)
THR	-7.71399160256	8.991	0(0)	0.999(999)
THR	-7.5931314817	8.991	0(0)	0.999(999)
THR	-7.47227136084	8.991	0(0)	0.999(999)
THR	-7.35141123998	8.991	0(0)	0.999(999)
THR	-7.23055111912	8.982	0(0)	0.998(998)
THR	-7.10969099826	8.982	0(0)	0.998(998)
THR	-6.9888308774	8.982	0(0)	0.998(998)
THR	-6.86797075654	8.982	0(0)	0.998(998)
THR	-6.74711063568	8.982	0(0)	0.998(998)
THR	-6.62625051482	8.982	0(0)	0.998(998)
THR	-6.50539039396	8.982	0(0)	0.998(998)
THR	-6.3845302731	8.982	0(0)	0.998(998)
THR	-6.26367015224	8.982	0(0)	0.998(998)
THR	-6.14281003138	8.973	0(0)	0.997(997)
THR	-6.02194991052	8.973	0(0)	0.997(997)
THR	-5.90108978966	8.964	0(0)	0.996(996)
THR	-5.7802296688	8.955	0(0)	0.995(995)
THR	-5.65936954794	8.955	0(0)	0.995(995)
THR	-5.53850942708	8.937	0(0)	0.993(993)
THR	-5.41764930622	8.937	0(0)	0.993(993)
THR	-5.29678918536001	8.928	0(0)	0.992(992)
THR	-5.17592906450001	8.928	0(0)	0.992(992)
THR	-5.05506894364001	8.91	0(0)	0.99(990)
THR	-4.93420882278001	8.901	0(0)	0.989(989)
THR	-4.81334870192001	8.892	0(0)	0.988(988)
THR	-4.69248858106001	8.874	0(0)	0.986(986)
THR	-4.57162846020001	8.856	0(0)	0.984(984)
THR	-4.45076833934001	8.838	0(0)	0.982(982)
THR	-4.32990821848001	8.82	0(0)	0.98(980)
THR	-4.20904809762001	8.775	0(0)	0.975(975)
THR	-4.08818797676001	8.703	0(0)	0.967(967)
THR	-3.96732785590001	8.667	0(0)	0.963(963)
THR	-3.84646773504001	8.586	0(0)	0.954(954)
THR	-3.72560761418001	8.536	0.004(1)	0.948(948)
THR	-3.60474749332001	8.473	0.004(1)	0.941(941)
THR	-3.48388737246001	8.383	0.004(1)	0.931(931)
THR	-3.36302725160001	8.293	0.004(1)	0.921(921)
THR	-3.24216713074001	8.14	0.004(1)	0.904(904)
THR	-3.12130700988001	8.05	0.004(1)	0.894(894)
THR	-3.00044688902001	7.915	0.004(1)	0.879(879)
THR	-2.87958676816001	7.762	0.004(1)	0.862(862)
THR	-2.75872664730001	7.564	0.004(1)	0.84(840)
THR	-2.63786652644001	7.384	0.004(1)	0.82(820)
THR	-2.51700640558	7.168	0.004(1)	0.796(796)
THR	-2.39614628472	7.033	0.004(1)	0.781(781)
THR	-2.27528616386	6.835	0.004(1)	0.759(759)
THR	-2.154426043	6.529	0.004(1)	0.725(725)
THR	-2.03356592214	6.277	0.004(1)	0.697(697)
THR	-1.91270580128	6.034	0.004(1)	0.67(670)
THR	-1.79184568042	5.782	0.004(1)	0.642(642)
THR	-1.67098555956	5.413	0.004(1)	0.601(601)
THR	-1.5501254387	4.9	0.004(1)	0.544(544)
THR	-1.42926531784	4.405	0.004(1)	0.489(489)
THR	-1.30840519698	4	0.004(1)	0.444(444)
THR	-1.18754507612	3.577	0.004(1)	0.397(397)
THR	-1.06668495526	3.01	0.004(1)	0.334(334)
THR	-0.945824834400004	2.632	0.004(1)	0.292(292)
THR	-0.824964713540004	2.218	0.004(1)	0.246(246)
THR	-0.704104592680004	1.763	0.008(2)	0.195(195)
THR	-0.583244471820004	1.43	0.008(2)	0.158(158)
THR	-0.462384350960005	1.047	0.012(3)	0.115(115)
THR	-0.341524230100005	0.768	0.012(3)	0.084(84)
THR	-0.220664109240005	0.529	0.016(4)	0.057(57)
THR	-0.0998039883800045	0.389	0.02(5)	0.041(41)
THR	0.0210561324799955	0.285	0.024(6)	0.029(29)
THR	0.141916253339995	0.221	0.032(8)	0.021(21)
THR	0.262776374199995	0.17	0.044(11)	0.014(14)
THR	0.383636495059995	0.141	0.06(15)	0.009(9)
THR	0.504496615919995	0.163	0.1(25)	0.007(7)
THR	0.625356736779995	0.16	0.124(31)	0.004(4)
THR	0.746216857639995	0.186	0.168(42)	0.002(2)
THR	0.867076978499995	0.218	0.2(50)	0.002(2)
THR	0.987937099359995	0.265	0.256(64)	0.001(1)
THR	1.10879722022	0.312	0.312(78)	0(0)
THR	1.22965734108	0.356	0.356(89)	0(0)
THR	1.35051746194	0.42	0.42(105)	0(0)
THR	1.4713775828	0.496	0.496(124)	0(0)
THR	1.59223770366	0.536	0.536(134)	0(0)
THR	1.71309782452	0.596	0.596(149)	0(0)
THR	1.83395794538	0.68	0.68(170)	0(0)
THR	1.95481806624	0.712	0.712(178)	0(0)
THR	2.0756781871	0.736	0.736(184)	0(0)
THR	2.19653830796	0.776	0.776(194)	0(0)
THR	2.31739842882	0.812	0.812(203)	0(0)
THR	2.43825854968	0.852	0.852(213)	0(0)
THR	2.55911867054	0.884	0.884(221)	0(0)
THR	2.6799787914	0.9	0.9(225)	0(0)
THR	2.80083891226	0.92	0.92(230)	0(0)
THR	2.92169903312	0.94	0.94(235)	0(0)
THR	3.04255915398	0.956	0.956(239)	0(0)
THR	3.16341927484	0.964	0.964(241)	0(0)
THR	3.2842793957	0.968	0.968(242)	0(0)
THR	3.40513951656	0.98	0.98(245)	0(0)
THR	3.52599963742	0.98	0.98(245)	0(0)
THR	3.64685975828	0.98	0.98(245)	0(0)
THR	3.76771987914	0.992	0.992(248)	0(0)
THR	3.88858	0.996	0.996(249)	0(0)
THR	4.00944012086	1	1(250)	0(0)


==============================================
THR: 0.383636495059995
Missed:     15/250=0.0600
FalseAlarm: 9/1000=0.0090
----------------------------------------------
==> CostDetection: 14.1
==============================================
Threshold search:
THR	-8.197432086	9	0(0)	1(1000)
THR	-8.07657196514	8.991	0(0)	0.999(999)
THR	-7.95571184428	8.991	0(0)	0.999(999)
THR	-7.83485172342	8.991	0(0)	0.999(999)
THR	-7.71399160256	8.991	0(0)	0.999(999)
THR	-7.5931314817	8.991	0(0)	0.999(999)
THR	-7.47227136084	8.991	0(0)	0.999(999)
THR	-7.35141123998	8.991	0(0)	0.999(999)
THR	-7.23055111912	8.982	0(0)	0.998(998)
THR	-7.10969099826	8.982	0(0)	0.998(998)
THR	-6.9888308774	8.982	0(0)	0.998(998)
THR	-6.86797075654	8.982	0(0)	0.998(998)
THR	-6.74711063568	8.982	0(0)	0.998(998)
THR	-6.62625051482	8.982	0(0)	0.998(998)
THR	-6.50539039396	8.982	0(0)	0.998(998)
THR	-6.3845302731	8.982	0(0)	0.998(998)
THR	-6.26367015224	8.982	0(0)	0.998(998)
THR	-6.14281003138	8.973	0(0)	0.997(997)
THR	-6.02194991052	8.973	0(0)	0.997(997)
THR	-5.90108978966	8.964	0(0)	0.996(996)
THR	-5.7802296688	8.955	0(0)	0.995(995)
THR	-5.65936954794	8.955	0(0)	0.995(995)
THR	-5.53850942708	8.937	0(0)	0.993(993)
THR	-5.41764930622	8.937	0(0)	0.993(993)
THR	-5.29678918536001	8.928	0(0)	0.992(992)
THR	-5.17592906450001	8.928	0(0)	0.992(992)
THR	-5.05506894364001	8.91	0(0)	0.99(990)
THR	-4.93420882278001	8.901	0(0)	0.989(989)
THR	-4.81334870192001	8.892	0(0)	0.988(988)
THR	-4.69248858106001	8.874	0(0)	0.986(986)
THR	-4.57162846020001	8.856	0(0)	0.984(984)
THR	-4.45076833934001	8.838	0(0)	0.982(982)
THR	-4.32990821848001	8.82	0(0)	0.98(980)
THR	-4.20904809762001	8.775	0(0)	0.975(975)
THR	-4.08818797676001	8.703	0(0)	0.967(967)
THR	-3.96732785590001	8.667	0(0)	0.963(963)
THR	-3.84646773504001	8.586	0(0)	0.954(954)
THR	-3.72560761418001	8.536	0.004(1)	0.948(948)
THR	-3.60474749332001	8.473	0.004(1)	0.941(941)
THR	-3.48388737246001	8.383	0.004(1)	0.931(931)
THR	-3.36302725160001	8.293	0.004(1)	0.921(921)
THR	-3.24216713074001	8.14	0.004(1)	0.904(904)
THR	-3.12130700988001	8.05	0.004(1)	0.894(894)
THR	-3.00044688902001	7.915	0.004(1)	0.879(879)
THR	-2.87958676816001	7.762	0.004(1)	0.862(862)
THR	-2.75872664730001	7.564	0.004(1)	0.84(840)
THR	-2.63786652644001	7.384	0.004(1)	0.82(820)
THR	-2.51700640558	7.168	0.004(1)	0.796(796)
THR	-2.39614628472	7.033	0.004(1)	0.781(781)
THR	-2.27528616386	6.835	0.004(1)	0.759(759)
THR	-2.154426043	6.529	0.004(1)	0.725(725)
THR	-2.03356592214	6.277	0.004(1)	0.697(697)
THR	-1.91270580128	6.034	0.004(1)	0.67(670)
THR	-1.79184568042	5.782	0.004(1)	0.642(642)
THR	-1.67098555956	5.413	0.004(1)	0.601(601)
THR	-1.5501254387	4.9	0.004(1)	0.544(544)
THR	-1.42926531784	4.405	0.004(1)	0.489(489)
THR	-1.30840519698	4	0.004(1)	0.444(444)
THR	-1.18754507612	3.577	0.004(1)	0.397(397)
THR	-1.06668495526	3.01	0.004(1)	0.334(334)
THR	-0.945824834400004	2.632	0.004(1)	0.292(292)
THR	-0.824964713540004	2.218	0.004(1)	0.246(246)
THR	-0.704104592680004	1.763	0.008(2)	0.195(195)
THR	-0.583244471820004	1.43	0.008(2)	0.158(158)
THR	-0.462384350960005	1.047	0.012(3)	0.115(115)
THR	-0.341524230100005	0.768	0.012(3)	0.084(84)
THR	-0.220664109240005	0.529	0.016(4)	0.057(57)
THR	-0.0998039883800045	0.389	0.02(5)	0.041(41)
THR	0.0210561324799955	0.285	0.024(6)	0.029(29)
THR	0.141916253339995	0.221	0.032(8)	0.021(21)
THR	0.262776374199995	0.17	0.044(11)	0.014(14)
THR	0.383636495059995	0.141	0.06(15)	0.009(9)
THR	0.504496615919995	0.163	0.1(25)	0.007(7)
THR	0.625356736779995	0.16	0.124(31)	0.004(4)
THR	0.746216857639995	0.186	0.168(42)	0.002(2)
THR	0.867076978499995	0.218	0.2(50)	0.002(2)
THR	0.987937099359995	0.265	0.256(64)	0.001(1)
THR	1.10879722022	0.312	0.312(78)	0(0)
THR	1.22965734108	0.356	0.356(89)	0(0)
THR	1.35051746194	0.42	0.42(105)	0(0)
THR	1.4713775828	0.496	0.496(124)	0(0)
THR	1.59223770366	0.536	0.536(134)	0(0)
THR	1.71309782452	0.596	0.596(149)	0(0)
THR	1.83395794538	0.68	0.68(170)	0(0)
THR	1.95481806624	0.712	0.712(178)	0(0)
THR	2.0756781871	0.736	0.736(184)	0(0)
THR	2.19653830796	0.776	0.776(194)	0(0)
THR	2.31739842882	0.812	0.812(203)	0(0)
THR	2.43825854968	0.852	0.852(213)	0(0)
THR	2.55911867054	0.884	0.884(221)	0(0)
THR	2.6799787914	0.9	0.9(225)	0(0)
THR	2.80083891226	0.92	0.92(230)	0(0)
THR	2.92169903312	0.94	0.94(235)	0(0)
THR	3.04255915398	0.956	0.956(239)	0(0)
THR	3.16341927484	0.964	0.964(241)	0(0)
THR	3.2842793957	0.968	0.968(242)	0(0)
THR	3.40513951656	0.98	0.98(245)	0(0)
THR	3.52599963742	0.98	0.98(245)	0(0)
THR	3.64685975828	0.98	0.98(245)	0(0)
THR	3.76771987914	0.992	0.992(248)	0(0)
THR	3.88858	0.996	0.996(249)	0(0)
THR	4.00944012086	1	1(250)	0(0)


==============================================
THR: 0.383636495059995
Missed:     15/250=0.0600
FalseAlarm: 9/1000=0.0090
----------------------------------------------
==> CostDetection: 14.1
==============================================
Threshold search:
THR	-8.197432086	9	0(0)	1(1000)
THR	-8.07657196514	8.991	0(0)	0.999(999)
THR	-7.95571184428	8.991	0(0)	0.999(999)
THR	-7.83485172342	8.991	0(0)	0.999(999)
THR	-7.71399160256	8.991	0(0)	0.999(999)
THR	-7.5931314817	8.991	0(0)	0.999(999)
THR	-7.47227136084	8.991	0(0)	0.999(999)
THR	-7.35141123998	8.991	0(0)	0.999(999)
THR	-7.23055111912	8.982	0(0)	0.998(998)
THR	-7.10969099826	8.982	0(0)	0.998(998)
THR	-6.9888308774	8.982	0(0)	0.998(998)
THR	-6.86797075654	8.982	0(0)	0.998(998)
THR	-6.74711063568	8.982	0(0)	0.998(998)
THR	-6.62625051482	8.982	0(0)	0.998(998)
THR	-6.50539039396	8.982	0(0)	0.998(998)
THR	-6.3845302731	8.982	0(0)	0.998(998)
THR	-6.26367015224	8.982	0(0)	0.998(998)
THR	-6.14281003138	8.973	0(0)	0.997(997)
THR	-6.02194991052	8.973	0(0)	0.997(997)
THR	-5.90108978966	8.964	0(0)	0.996(996)
THR	-5.7802296688	8.955	0(0)	0.995(995)
THR	-5.65936954794	8.955	0(0)	0.995(995)
THR	-5.53850942708	8.937	0(0)	0.993(993)
THR	-5.41764930622	8.937	0(0)	0.993(993)
THR	-5.29678918536001	8.928	0(0)	0.992(992)
THR	-5.17592906450001	8.928	0(0)	0.992(992)
THR	-5.05506894364001	8.91	0(0)	0.99(990)
THR	-4.93420882278001	8.901	0(0)	0.989(989)
THR	-4.81334870192001	8.892	0(0)	0.988(988)
THR	-4.69248858106001	8.874	0(0)	0.986(986)
THR	-4.57162846020001	8.856	0(0)	0.984(984)
THR	-4.45076833934001	8.838	0(0)	0.982(982)
THR	-4.32990821848001	8.82	0(0)	0.98(980)
THR	-4.20904809762001	8.775	0(0)	0.975(975)
THR	-4.08818797676001	8.703	0(0)	0.967(967)
THR	-3.96732785590001	8.667	0(0)	0.963(963)
THR	-3.84646773504001	8.586	0(0)	0.954(954)
THR	-3.72560761418001	8.536	0.004(1)	0.948(948)
THR	-3.60474749332001	8.473	0.004(1)	0.941(941)
THR	-3.48388737246001	8.383	0.004(1)	0.931(931)
THR	-3.36302725160001	8.293	0.004(1)	0.921(921)
THR	-3.24216713074001	8.14	0.004(1)	0.904(904)
THR	-3.12130700988001	8.05	0.004(1)	0.894(894)
THR	-3.00044688902001	7.915	0.004(1)	0.879(879)
THR	-2.87958676816001	7.762	0.004(1)	0.862(862)
THR	-2.75872664730001	7.564	0.004(1)	0.84(840)
THR	-2.63786652644001	7.384	0.004(1)	0.82(820)
THR	-2.51700640558	7.168	0.004(1)	0.796(796)
THR	-2.39614628472	7.033	0.004(1)	0.781(781)
THR	-2.27528616386	6.835	0.004(1)	0.759(759)
THR	-2.154426043	6.529	0.004(1)	0.725(725)
THR	-2.03356592214	6.277	0.004(1)	0.697(697)
THR	-1.91270580128	6.034	0.004(1)	0.67(670)
THR	-1.79184568042	5.782	0.004(1)	0.642(642)
THR	-1.67098555956	5.413	0.004(1)	0.601(601)
THR	-1.5501254387	4.9	0.004(1)	0.544(544)
THR	-1.42926531784	4.405	0.004(1)	0.489(489)
THR	-1.30840519698	4	0.004(1)	0.444(444)
THR	-1.18754507612	3.577	0.004(1)	0.397(397)
THR	-1.06668495526	3.01	0.004(1)	0.334(334)
THR	-0.945824834400004	2.632	0.004(1)	0.292(292)
THR	-0.824964713540004	2.218	0.004(1)	0.246(246)
THR	-0.704104592680004	1.763	0.008(2)	0.195(195)
THR	-0.583244471820004	1.43	0.008(2)	0.158(158)
THR	-0.462384350960005	1.047	0.012(3)	0.115(115)
THR	-0.341524230100005	0.768	0.012(3)	0.084(84)
THR	-0.220664109240005	0.529	0.016(4)	0.057(57)
THR	-0.0998039883800045	0.389	0.02(5)	0.041(41)
THR	0.0210561324799955	0.285	0.024(6)	0.029(29)
THR	0.141916253339995	0.221	0.032(8)	0.021(21)
THR	0.262776374199995	0.17	0.044(11)	0.014(14)
THR	0.383636495059995	0.141	0.06(15)	0.009(9)
THR	0.504496615919995	0.163	0.1(25)	0.007(7)
THR	0.625356736779995	0.16	0.124(31)	0.004(4)
THR	0.746216857639995	0.186	0.168(42)	0.002(2)
THR	0.867076978499995	0.218	0.2(50)	0.002(2)
THR	0.987937099359995	0.265	0.256(64)	0.001(1)
THR	1.10879722022	0.312	0.312(78)	0(0)
THR	1.22965734108	0.356	0.356(89)	0(0)
THR	1.35051746194	0.42	0.42(105)	0(0)
THR	1.4713775828	0.496	0.496(124)	0(0)
THR	1.59223770366	0.536	0.536(134)	0(0)
THR	1.71309782452	0.596	0.596(149)	0(0)
THR	1.83395794538	0.68	0.68(170)	0(0)
THR	1.95481806624	0.712	0.712(178)	0(0)
THR	2.0756781871	0.736	0.736(184)	0(0)
THR	2.19653830796	0.776	0.776(194)	0(0)
THR	2.31739842882	0.812	0.812(203)	0(0)
THR	2.43825854968	0.852	0.852(213)	0(0)
THR	2.55911867054	0.884	0.884(221)	0(0)
THR	2.6799787914	0.9	0.9(225)	0(0)
THR	2.80083891226	0.92	0.92(230)	0(0)
THR	2.92169903312	0.94	0.94(235)	0(0)
THR	3.04255915398	0.956	0.956(239)	0(0)
THR	3.16341927484	0.964	0.964(241)	0(0)
THR	3.2842793957	0.968	0.968(242)	0(0)
THR	3.40513951656	0.98	0.98(245)	0(0)
THR	3.52599963742	0.98	0.98(245)	0(0)
THR	3.64685975828	0.98	0.98(245)	0(0)
THR	3.76771987914	0.992	0.992(248)	0(0)
THR	3.88858	0.996	0.996(249)	0(0)
THR	4.00944012086	1	1(250)	0(0)


==============================================
THR: 0.383636495059995
Missed:     15/250=0.0600
FalseAlarm: 9/1000=0.0090
----------------------------------------------
==> CostDetection: 14.1
==============================================
Threshold search:
THR	-8.197432086	9	0(0)	1(1000)
THR	-8.07657196514	8.991	0(0)	0.999(999)
THR	-7.95571184428	8.991	0(0)	0.999(999)
THR	-7.83485172342	8.991	0(0)	0.999(999)
THR	-7.71399160256	8.991	0(0)	0.999(999)
THR	-7.5931314817	8.991	0(0)	0.999(999)
THR	-7.47227136084	8.991	0(0)	0.999(999)
THR	-7.35141123998	8.991	0(0)	0.999(999)
THR	-7.23055111912	8.982	0(0)	0.998(998)
THR	-7.10969099826	8.982	0(0)	0.998(998)
THR	-6.9888308774	8.982	0(0)	0.998(998)
THR	-6.86797075654	8.982	0(0)	0.998(998)
THR	-6.74711063568	8.982	0(0)	0.998(998)
THR	-6.62625051482	8.982	0(0)	0.998(998)
THR	-6.50539039396	8.982	0(0)	0.998(998)
THR	-6.3845302731	8.982	0(0)	0.998(998)
THR	-6.26367015224	8.982	0(0)	0.998(998)
THR	-6.14281003138	8.973	0(0)	0.997(997)
THR	-6.02194991052	8.973	0(0)	0.997(997)
THR	-5.90108978966	8.964	0(0)	0.996(996)
THR	-5.7802296688	8.955	0(0)	0.995(995)
THR	-5.65936954794	8.955	0(0)	0.995(995)
THR	-5.53850942708	8.937	0(0)	0.993(993)
THR	-5.41764930622	8.937	0(0)	0.993(993)
THR	-5.29678918536001	8.928	0(0)	0.992(992)
THR	-5.17592906450001	8.928	0(0)	0.992(992)
THR	-5.05506894364001	8.91	0(0)	0.99(990)
THR	-4.93420882278001	8.901	0(0)	0.989(989)
THR	-4.81334870192001	8.892	0(0)	0.988(988)
THR	-4.69248858106001	8.874	0(0)	0.986(986)
THR	-4.57162846020001	8.856	0(0)	0.984(984)
THR	-4.45076833934001	8.838	0(0)	0.982(982)
THR	-4.32990821848001	8.82	0(0)	0.98(980)
THR	-4.20904809762001	8.775	0(0)	0.975(975)
THR	-4.08818797676001	8.703	0(0)	0.967(967)
THR	-3.96732785590001	8.667	0(0)	0.963(963)
THR	-3.84646773504001	8.586	0(0)	0.954(954)
THR	-3.72560761418001	8.536	0.004(1)	0.948(948)
THR	-3.60474749332001	8.473	0.004(1)	0.941(941)
THR	-3.48388737246001	8.383	0.004(1)	0.931(931)
THR	-3.36302725160001	8.293	0.004(1)	0.921(921)
THR	-3.24216713074001	8.14	0.004(1)	0.904(904)
THR	-3.12130700988001	8.05	0.004(1)	0.894(894)
THR	-3.00044688902001	7.915	0.004(1)	0.879(879)
THR	-2.87958676816001	7.762	0.004(1)	0.862(862)
THR	-2.75872664730001	7.564	0.004(1)	0.84(840)
THR	-2.63786652644001	7.384	0.004(1)	0.82(820)
THR	-2.51700640558	7.168	0.004(1)	0.796(796)
THR	-2.39614628472	7.033	0.004(1)	0.781(781)
THR	-2.27528616386	6.835	0.004(1)	0.759(759)
THR	-2.154426043	6.529	0.004(1)	0.725(725)
THR	-2.03356592214	6.277	0.004(1)	0.697(697)
THR	-1.91270580128	6.034	0.004(1)	0.67(670)
THR	-1.79184568042	5.782	0.004(1)	0.642(642)
THR	-1.67098555956	5.413	0.004(1)	0.601(601)
THR	-1.5501254387	4.9	0.004(1)	0.544(544)
THR	-1.42926531784	4.405	0.004(1)	0.489(489)
THR	-1.30840519698	4	0.004(1)	0.444(444)
THR	-1.18754507612	3.577	0.004(1)	0.397(397)
THR	-1.06668495526	3.01	0.004(1)	0.334(334)
THR	-0.945824834400004	2.632	0.004(1)	0.292(292)
THR	-0.824964713540004	2.218	0.004(1)	0.246(246)
THR	-0.704104592680004	1.763	0.008(2)	0.195(195)
THR	-0.583244471820004	1.43	0.008(2)	0.158(158)
THR	-0.462384350960005	1.047	0.012(3)	0.115(115)
THR	-0.341524230100005	0.768	0.012(3)	0.084(84)
THR	-0.220664109240005	0.529	0.016(4)	0.057(57)
THR	-0.0998039883800045	0.389	0.02(5)	0.041(41)
THR	0.0210561324799955	0.285	0.024(6)	0.029(29)
THR	0.141916253339995	0.221	0.032(8)	0.021(21)
THR	0.262776374199995	0.17	0.044(11)	0.014(14)
THR	0.383636495059995	0.141	0.06(15)	0.009(9)
THR	0.504496615919995	0.163	0.1(25)	0.007(7)
THR	0.625356736779995	0.16	0.124(31)	0.004(4)
THR	0.746216857639995	0.186	0.168(42)	0.002(2)
THR	0.867076978499995	0.218	0.2(50)	0.002(2)
THR	0.987937099359995	0.265	0.256(64)	0.001(1)
THR	1.10879722022	0.312	0.312(78)	0(0)
THR	1.22965734108	0.356	0.356(89)	0(0)
THR	1.35051746194	0.42	0.42(105)	0(0)
THR	1.4713775828	0.496	0.496(124)	0(0)
THR	1.59223770366	0.536	0.536(134)	0(0)
THR	1.71309782452	0.596	0.596(149)	0(0)
THR	1.83395794538	0.68	0.68(170)	0(0)
THR	1.95481806624	0.712	0.712(178)	0(0)
THR	2.0756781871	0.736	0.736(184)	0(0)
THR	2.19653830796	0.776	0.776(194)	0(0)
THR	2.31739842882	0.812	0.812(203)	0(0)
THR	2.43825854968	0.852	0.852(213)	0(0)
THR	2.55911867054	0.884	0.884(221)	0(0)
THR	2.6799787914	0.9	0.9(225)	0(0)
THR	2.80083891226	0.92	0.92(230)	0(0)
THR	2.92169903312	0.94	0.94(235)	0(0)
THR	3.04255915398	0.956	0.956(239)	0(0)
THR	3.16341927484	0.964	0.964(241)	0(0)
THR	3.2842793957	0.968	0.968(242)	0(0)
THR	3.40513951656	0.98	0.98(245)	0(0)
THR	3.52599963742	0.98	0.98(245)	0(0)
THR	3.64685975828	0.98	0.98(245)	0(0)
THR	3.76771987914	0.992	0.992(248)	0(0)
THR	3.88858	0.996	0.996(249)	0(0)
THR	4.00944012086	1	1(250)	0(0)


==============================================
THR: 0.383636495059995
Missed:     15/250=0.0600
FalseAlarm: 9/1000=0.0090
----------------------------------------------
==> CostDetection: 14.1
==============================================
Threshold search:
THR	-8.197432086	9	0(0)	1(1000)
THR	-8.07657196514	8.991	0(0)	0.999(999)
THR	-7.95571184428	8.991	0(0)	0.999(999)
THR	-7.83485172342	8.991	0(0)	0.999(999)
THR	-7.71399160256	8.991	0(0)	0.999(999)
THR	-7.5931314817	8.991	0(0)	0.999(999)
THR	-7.47227136084	8.991	0(0)	0.999(999)
THR	-7.35141123998	8.991	0(0)	0.999(999)
THR	-7.23055111912	8.982	0(0)	0.998(998)
THR	-7.10969099826	8.982	0(0)	0.998(998)
THR	-6.9888308774	8.982	0(0)	0.998(998)
THR	-6.86797075654	8.982	0(0)	0.998(998)
THR	-6.74711063568	8.982	0(0)	0.998(998)
THR	-6.62625051482	8.982	0(0)	0.998(998)
THR	-6.50539039396	8.982	0(0)	0.998(998)
THR	-6.3845302731	8.982	0(0)	0.998(998)
THR	-6.26367015224	8.982	0(0)	0.998(998)
THR	-6.14281003138	8.973	0(0)	0.997(997)
THR	-6.02194991052	8.973	0(0)	0.997(997)
THR	-5.90108978966	8.964	0(0)	0.996(996)
THR	-5.7802296688	8.955	0(0)	0.995(995)
THR	-5.65936954794	8.955	0(0)	0.995(995)
THR	-5.53850942708	8.937	0(0)	0.993(993)
THR	-5.41764930622	8.937	0(0)	0.993(993)
THR	-5.29678918536001	8.928	0(0)	0.992(992)
THR	-5.17592906450001	8.928	0(0)	0.992(992)
THR	-5.05506894364001	8.91	0(0)	0.99(990)
THR	-4.93420882278001	8.901	0(0)	0.989(989)
THR	-4.81334870192001	8.892	0(0)	0.988(988)
THR	-4.69248858106001	8.874	0(0)	0.986(986)
THR	-4.57162846020001	8.856	0(0)	0.984(984)
THR	-4.45076833934001	8.838	0(0)	0.982(982)
THR	-4.32990821848001	8.82	0(0)	0.98(980)
THR	-4.20904809762001	8.775	0(0)	0.975(975)
THR	-4.08818797676001	8.703	0(0)	0.967(967)
THR	-3.96732785590001	8.667	0(0)	0.963(963)
THR	-3.84646773504001	8.586	0(0)	0.954(954)
THR	-3.72560761418001	8.536	0.004(1)	0.948(948)
THR	-3.60474749332001	8.473	0.004(1)	0.941(941)
THR	-3.48388737246001	8.383	0.004(1)	0.931(931)
THR	-3.36302725160001	8.293	0.004(1)	0.921(921)
THR	-3.24216713074001	8.14	0.004(1)	0.904(904)
THR	-3.12130700988001	8.05	0.004(1)	0.894(894)
THR	-3.00044688902001	7.915	0.004(1)	0.879(879)
THR	-2.87958676816001	7.762	0.004(1)	0.862(862)
THR	-2.75872664730001	7.564	0.004(1)	0.84(840)
THR	-2.63786652644001	7.384	0.004(1)	0.82(820)
THR	-2.51700640558	7.168	0.004(1)	0.796(796)
THR	-2.39614628472	7.033	0.004(1)	0.781(781)
THR	-2.27528616386	6.835	0.004(1)	0.759(759)
THR	-2.154426043	6.529	0.004(1)	0.725(725)
THR	-2.03356592214	6.277	0.004(1)	0.697(697)
THR	-1.91270580128	6.034	0.004(1)	0.67(670)
THR	-1.79184568042	5.782	0.004(1)	0.642(642)
THR	-1.67098555956	5.413	0.004(1)	0.601(601)
THR	-1.5501254387	4.9	0.004(1)	0.544(544)
THR	-1.42926531784	4.405	0.004(1)	0.489(489)
THR	-1.30840519698	4	0.004(1)	0.444(444)
THR	-1.18754507612	3.577	0.004(1)	0.397(397)
THR	-1.06668495526	3.01	0.004(1)	0.334(334)
THR	-0.945824834400004	2.632	0.004(1)	0.292(292)
THR	-0.824964713540004	2.218	0.004(1)	0.246(246)
THR	-0.704104592680004	1.763	0.008(2)	0.195(195)
THR	-0.583244471820004	1.43	0.008(2)	0.158(158)
THR	-0.462384350960005	1.047	0.012(3)	0.115(115)
THR	-0.341524230100005	0.768	0.012(3)	0.084(84)
THR	-0.220664109240005	0.529	0.016(4)	0.057(57)
THR	-0.0998039883800045	0.389	0.02(5)	0.041(41)
THR	0.0210561324799955	0.285	0.024(6)	0.029(29)
THR	0.141916253339995	0.221	0.032(8)	0.021(21)
THR	0.262776374199995	0.17	0.044(11)	0.014(14)
THR	0.383636495059995	0.141	0.06(15)	0.009(9)
THR	0.504496615919995	0.163	0.1(25)	0.007(7)
THR	0.625356736779995	0.16	0.124(31)	0.004(4)
THR	0.746216857639995	0.186	0.168(42)	0.002(2)
THR	0.867076978499995	0.218	0.2(50)	0.002(2)
THR	0.987937099359995	0.265	0.256(64)	0.001(1)
THR	1.10879722022	0.312	0.312(78)	0(0)
THR	1.22965734108	0.356	0.356(89)	0(0)
THR	1.35051746194	0.42	0.42(105)	0(0)
THR	1.4713775828	0.496	0.496(124)	0(0)
THR	1.59223770366	0.536	0.536(134)	0(0)
THR	1.71309782452	0.596	0.596(149)	0(0)
THR	1.83395794538	0.68	0.68(170)	0(0)
THR	1.95481806624	0.712	0.712(178)	0(0)
THR	2.0756781871	0.736	0.736(184)	0(0)
THR	2.19653830796	0.776	0.776(194)	0(0)
THR	2.31739842882	0.812	0.812(203)	0(0)
THR	2.43825854968	0.852	0.852(213)	0(0)
THR	2.55911867054	0.884	0.884(221)	0(0)
THR	2.6799787914	0.9	0.9(225)	0(0)
THR	2.80083891226	0.92	0.92(230)	0(0)
THR	2.92169903312	0.94	0.94(235)	0(0)
THR	3.04255915398	0.956	0.956(239)	0(0)
THR	3.16341927484	0.964	0.964(241)	0(0)
THR	3.2842793957	0.968	0.968(242)	0(0)
THR	3.40513951656	0.98	0.98(245)	0(0)
THR	3.52599963742	0.98	0.98(245)	0(0)
THR	3.64685975828	0.98	0.98(245)	0(0)
THR	3.76771987914	0.992	0.992(248)	0(0)
THR	3.88858	0.996	0.996(249)	0(0)
THR	4.00944012086	1	1(250)	0(0)


==============================================
THR: 0.383636495059995
Missed:     15/250=0.0600
FalseAlarm: 9/1000=0.0090
----------------------------------------------
==> CostDetection: 14.1
==============================================
Threshold search:
THR	-8.197432086	9	0(0)	1(1000)
THR	-8.07657196514	8.991	0(0)	0.999(999)
THR	-7.95571184428	8.991	0(0)	0.999(999)
THR	-7.83485172342	8.991	0(0)	0.999(999)
THR	-7.71399160256	8.991	0(0)	0.999(999)
THR	-7.5931314817	8.991	0(0)	0.999(999)
THR	-7.47227136084	8.991	0(0)	0.999(999)
THR	-7.35141123998	8.991	0(0)	0.999(999)
THR	-7.23055111912	8.982	0(0)	0.998(998)
THR	-7.10969099826	8.982	0(0)	0.998(998)
THR	-6.9888308774	8.982	0(0)	0.998(998)
THR	-6.86797075654	8.982	0(0)	0.998(998)
THR	-6.74711063568	8.982	0(0)	0.998(998)
THR	-6.62625051482	8.982	0(0)	0.998(998)
THR	-6.50539039396	8.982	0(0)	0.998(998)
THR	-6.3845302731	8.982	0(0)	0.998(998)
THR	-6.26367015224	8.982	0(0)	0.998(998)
THR	-6.14281003138	8.973	0(0)	0.997(997)
THR	-6.02194991052	8.973	0(0)	0.997(997)
THR	-5.90108978966	8.964	0(0)	0.996(996)
THR	-5.7802296688	8.955	0(0)	0.995(995)
THR	-5.65936954794	8.955	0(0)	0.995(995)
THR	-5.53850942708	8.937	0(0)	0.993(993)
THR	-5.41764930622	8.937	0(0)	0.993(993)
THR	-5.29678918536001	8.928	0(0)	0.992(992)
THR	-5.17592906450001	8.928	0(0)	0.992(992)
THR	-5.05506894364001	8.91	0(0)	0.99(990)
THR	-4.93420882278001	8.901	0(0)	0.989(989)
THR	-4.81334870192001	8.892	0(0)	0.988(988)
THR	-4.69248858106001	8.874	0(0)	0.986(986)
THR	-4.57162846020001	8.856	0(0)	0.984(984)
THR	-4.45076833934001	8.838	0(0)	0.982(982)
THR	-4.32990821848001	8.82	0(0)	0.98(980)
THR	-4.20904809762001	8.775	0(0)	0.975(975)
THR	-4.08818797676001	8.703	0(0)	0.967(967)
THR	-3.96732785590001	8.667	0(0)	0.963(963)
THR	-3.84646773504001	8.586	0(0)	0.954(954)
THR	-3.72560761418001	8.536	0.004(1)	0.948(948)
THR	-3.60474749332001	8.473	0.004(1)	0.941(941)
THR	-3.48388737246001	8.383	0.004(1)	0.931(931)
THR	-3.36302725160001	8.293	0.004(1)	0.921(921)
THR	-3.24216713074001	8.14	0.004(1)	0.904(904)
THR	-3.12130700988001	8.05	0.004(1)	0.894(894)
THR	-3.00044688902001	7.915	0.004(1)	0.879(879)
THR	-2.87958676816001	7.762	0.004(1)	0.862(862)
THR	-2.75872664730001	7.564	0.004(1)	0.84(840)
THR	-2.63786652644001	7.384	0.004(1)	0.82(820)
THR	-2.51700640558	7.168	0.004(1)	0.796(796)
THR	-2.39614628472	7.033	0.004(1)	0.781(781)
THR	-2.27528616386	6.835	0.004(1)	0.759(759)
THR	-2.154426043	6.529	0.004(1)	0.725(725)
THR	-2.03356592214	6.277	0.004(1)	0.697(697)
THR	-1.91270580128	6.034	0.004(1)	0.67(670)
THR	-1.79184568042	5.782	0.004(1)	0.642(642)
THR	-1.67098555956	5.413	0.004(1)	0.601(601)
THR	-1.5501254387	4.9	0.004(1)	0.544(544)
THR	-1.42926531784	4.405	0.004(1)	0.489(489)
THR	-1.30840519698	4	0.004(1)	0.444(444)
THR	-1.18754507612	3.577	0.004(1)	0.397(397)
THR	-1.06668495526	3.01	0.004(1)	0.334(334)
THR	-0.945824834400004	2.632	0.004(1)	0.292(292)
THR	-0.824964713540004	2.218	0.004(1)	0.246(246)
THR	-0.704104592680004	1.763	0.008(2)	0.195(195)
THR	-0.583244471820004	1.43	0.008(2)	0.158(158)
THR	-0.462384350960005	1.047	0.012(3)	0.115(115)
THR	-0.341524230100005	0.768	0.012(3)	0.084(84)
THR	-0.220664109240005	0.529	0.016(4)	0.057(57)
THR	-0.0998039883800045	0.389	0.02(5)	0.041(41)
THR	0.0210561324799955	0.285	0.024(6)	0.029(29)
THR	0.141916253339995	0.221	0.032(8)	0.021(21)
THR	0.262776374199995	0.17	0.044(11)	0.014(14)
THR	0.383636495059995	0.141	0.06(15)	0.009(9)
THR	0.504496615919995	0.163	0.1(25)	0.007(7)
THR	0.625356736779995	0.16	0.124(31)	0.004(4)
THR	0.746216857639995	0.186	0.168(42)	0.002(2)
THR	0.867076978499995	0.218	0.2(50)	0.002(2)
THR	0.987937099359995	0.265	0.256(64)	0.001(1)
THR	1.10879722022	0.312	0.312(78)	0(0)
THR	1.22965734108	0.356	0.356(89)	0(0)
THR	1.35051746194	0.42	0.42(105)	0(0)
THR	1.4713775828	0.496	0.496(124)	0(0)
THR	1.59223770366	0.536	0.536(134)	0(0)
THR	1.71309782452	0.596	0.596(149)	0(0)
THR	1.83395794538	0.68	0.68(170)	0(0)
THR	1.95481806624	0.712	0.712(178)	0(0)
THR	2.0756781871	0.736	0.736(184)	0(0)
THR	2.19653830796	0.776	0.776(194)	0(0)
THR	2.31739842882	0.812	0.812(203)	0(0)
THR	2.43825854968	0.852	0.852(213)	0(0)
THR	2.55911867054	0.884	0.884(221)	0(0)
THR	2.6799787914	0.9	0.9(225)	0(0)
THR	2.80083891226	0.92	0.92(230)	0(0)
THR	2.92169903312	0.94	0.94(235)	0(0)
THR	3.04255915398	0.956	0.956(239)	0(0)
THR	3.16341927484	0.964	0.964(241)	0(0)
THR	3.2842793957	0.968	0.968(242)	0(0)
THR	3.40513951656	0.98	0.98(245)	0(0)
THR	3.52599963742	0.98	0.98(245)	0(0)
THR	3.64685975828	0.98	0.98(245)	0(0)
THR	3.76771987914	0.992	0.992(248)	0(0)
THR	3.88858	0.996	0.996(249)	0(0)
THR	4.00944012086	1	1(250)	0(0)


==============================================
THR: 0.383636495059995
Missed:     15/250=0.0600
FalseAlarm: 9/1000=0.0090
----------------------------------------------
==> CostDetection: 14.1
==============================================
Threshold search:
THR	-8.197432086	9	0(0)	1(1000)
THR	-8.07657196514	8.991	0(0)	0.999(999)
THR	-7.95571184428	8.991	0(0)	0.999(999)
THR	-7.83485172342	8.991	0(0)	0.999(999)
THR	-7.71399160256	8.991	0(0)	0.999(999)
THR	-7.5931314817	8.991	0(0)	0.999(999)
THR	-7.47227136084	8.991	0(0)	0.999(999)
THR	-7.35141123998	8.991	0(0)	0.999(999)
THR	-7.23055111912	8.982	0(0)	0.998(998)
THR	-7.10969099826	8.982	0(0)	0.998(998)
THR	-6.9888308774	8.982	0(0)	0.998(998)
THR	-6.86797075654	8.982	0(0)	0.998(998)
THR	-6.74711063568	8.982	0(0)	0.998(998)
THR	-6.62625051482	8.982	0(0)	0.998(998)
THR	-6.50539039396	8.982	0(0)	0.998(998)
THR	-6.3845302731	8.982	0(0)	0.998(998)
THR	-6.26367015224	8.982	0(0)	0.998(998)
THR	-6.14281003138	8.973	0(0)	0.997(997)
THR	-6.02194991052	8.973	0(0)	0.997(997)
THR	-5.90108978966	8.964	0(0)	0.996(996)
THR	-5.7802296688	8.955	0(0)	0.995(995)
THR	-5.65936954794	8.955	0(0)	0.995(995)
THR	-5.53850942708	8.937	0(0)	0.993(993)
THR	-5.41764930622	8.937	0(0)	0.993(993)
THR	-5.29678918536001	8.928	0(0)	0.992(992)
THR	-5.17592906450001	8.928	0(0)	0.992(992)
THR	-5.05506894364001	8.91	0(0)	0.99(990)
THR	-4.93420882278001	8.901	0(0)	0.989(989)
THR	-4.81334870192001	8.892	0(0)	0.988(988)
THR	-4.69248858106001	8.874	0(0)	0.986(986)
THR	-4.57162846020001	8.856	0(0)	0.984(984)
THR	-4.45076833934001	8.838	0(0)	0.982(982)
THR	-4.32990821848001	8.82	0(0)	0.98(980)
THR	-4.20904809762001	8.775	0(0)	0.975(975)
THR	-4.08818797676001	8.703	0(0)	0.967(967)
THR	-3.96732785590001	8.667	0(0)	0.963(963)
THR	-3.84646773504001	8.586	0(0)	0.954(954)
THR	-3.72560761418001	8.536	0.004(1)	0.948(948)
THR	-3.60474749332001	8.473	0.004(1)	0.941(941)
THR	-3.48388737246001	8.383	0.004(1)	0.931(931)
THR	-3.36302725160001	8.293	0.004(1)	0.921(921)
THR	-3.24216713074001	8.14	0.004(1)	0.904(904)
THR	-3.12130700988001	8.05	0.004(1)	0.894(894)
THR	-3.00044688902001	7.915	0.004(1)	0.879(879)
THR	-2.87958676816001	7.762	0.004(1)	0.862(862)
THR	-2.75872664730001	7.564	0.004(1)	0.84(840)
THR	-2.63786652644001	7.384	0.004(1)	0.82(820)
THR	-2.51700640558	7.168	0.004(1)	0.796(796)
THR	-2.39614628472	7.033	0.004(1)	0.781(781)
THR	-2.27528616386	6.835	0.004(1)	0.759(759)
THR	-2.154426043	6.529	0.004(1)	0.725(725)
THR	-2.03356592214	6.277	0.004(1)	0.697(697)
THR	-1.91270580128	6.034	0.004(1)	0.67(670)
THR	-1.79184568042	5.782	0.004(1)	0.642(642)
THR	-1.67098555956	5.413	0.004(1)	0.601(601)
THR	-1.5501254387	4.9	0.004(1)	0.544(544)
THR	-1.42926531784	4.405	0.004(1)	0.489(489)
THR	-1.30840519698	4	0.004(1)	0.444(444)
THR	-1.18754507612	3.577	0.004(1)	0.397(397)
THR	-1.06668495526	3.01	0.004(1)	0.334(334)
THR	-0.945824834400004	2.632	0.004(1)	0.292(292)
THR	-0.824964713540004	2.218	0.004(1)	0.246(246)
THR	-0.704104592680004	1.763	0.008(2)	0.195(195)
THR	-0.583244471820004	1.43	0.008(2)	0.158(158)
THR	-0.462384350960005	1.047	0.012(3)	0.115(115)
THR	-0.341524230100005	0.768	0.012(3)	0.084(84)
THR	-0.220664109240005	0.529	0.016(4)	0.057(57)
THR	-0.0998039883800045	0.389	0.02(5)	0.041(41)
THR	0.0210561324799955	0.285	0.024(6)	0.029(29)
THR	0.141916253339995	0.221	0.032(8)	0.021(21)
THR	0.262776374199995	0.17	0.044(11)	0.014(14)
THR	0.383636495059995	0.141	0.06(15)	0.009(9)
THR	0.504496615919995	0.163	0.1(25)	0.007(7)
THR	0.625356736779995	0.16	0.124(31)	0.004(4)
THR	0.746216857639995	0.186	0.168(42)	0.002(2)
THR	0.867076978499995	0.218	0.2(50)	0.002(2)
THR	0.987937099359995	0.265	0.256(64)	0.001(1)
THR	1.10879722022	0.312	0.312(78)	0(0)
THR	1.22965734108	0.356	0.356(89)	0(0)
THR	1.35051746194	0.42	0.42(105)	0(0)
THR	1.4713775828	0.496	0.496(124)	0(0)
THR	1.59223770366	0.536	0.536(134)	0(0)
THR	1.71309782452	0.596	0.596(149)	0(0)
THR	1.83395794538	0.68	0.68(170)	0(0)
THR	1.95481806624	0.712	0.712(178)	0(0)
THR	2.0756781871	0.736	0.736(184)	0(0)
THR	2.19653830796	0.776	0.776(194)	0(0)
THR	2.31739842882	0.812	0.812(203)	0(0)
THR	2.43825854968	0.852	0.852(213)	0(0)
THR	2.55911867054	0.884	0.884(221)	0(0)
THR	2.6799787914	0.9	0.9(225)	0(0)
THR	2.80083891226	0.92	0.92(230)	0(0)
THR	2.92169903312	0.94	0.94(235)	0(0)
THR	3.04255915398	0.956	0.956(239)	0(0)
THR	3.16341927484	0.964	0.964(241)	0(0)
THR	3.2842793957	0.968	0.968(242)	0(0)
THR	3.40513951656	0.98	0.98(245)	0(0)
THR	3.52599963742	0.98	0.98(245)	0(0)
THR	3.64685975828	0.98	0.98(245)	0(0)
THR	3.76771987914	0.992	0.992(248)	0(0)
THR	3.88858	0.996	0.996(249)	0(0)
THR	4.00944012086	1	1(250)	0(0)


==============================================
THR: 0.383636495059995
Missed:     15/250=0.0600
FalseAlarm: 9/1000=0.0090
----------------------------------------------
==> CostDetection: 14.1
==============================================
